Compiling the C compiler identification source file "CMakeCCompilerId.c" failed.
Compiler: /usr/bin/cc 
Build flags: -fpic;%{CMAKE_C_FLAGS}
Id flags:  

The output was:
1
cc: error: %{CMAKE_C_FLAGS}: No such file or directory


Compiling the C compiler identification source file "CMakeCCompilerId.c" failed.
Compiler: /usr/bin/cc 
Build flags: -fpic;%{CMAKE_C_FLAGS}
Id flags: -c 

The output was:
1
cc: error: %{CMAKE_C_FLAGS}: No such file or directory


Compiling the C compiler identification source file "CMakeCCompilerId.c" failed.
Compiler: /usr/bin/cc 
Build flags: -fpic;%{CMAKE_C_FLAGS}
Id flags: -Aa 

The output was:
1
cc: error: %{CMAKE_C_FLAGS}: No such file or directory


Compiling the C compiler identification source file "CMakeCCompilerId.c" failed.
Compiler: /usr/bin/cc 
Build flags: -fpic;%{CMAKE_C_FLAGS}
Id flags: -D__CLASSIC_C__ 

The output was:
1
cc: error: %{CMAKE_C_FLAGS}: No such file or directory


Compiling the C compiler identification source file "CMakeCCompilerId.c" failed.
Compiler: /usr/bin/cc 
Build flags: -fpic;%{CMAKE_C_FLAGS}
Id flags: --target=arm-arm-none-eabi;-mcpu=cortex-m3 

The output was:
1
cc: error: %{CMAKE_C_FLAGS}: No such file or directory
cc: warning: ‘-mcpu=’ is deprecated; use ‘-mtune=’ or ‘-march=’ instead
cc: error: unrecognized command line option ‘--target=arm-arm-none-eabi’


Detecting C compiler ABI info failed to compile with the following output:
Change Dir: /media/umass/datasystem/steven/Scaler/libScalerHook/lib/CMakeFiles/CMakeTmp

Run Build Command(s):/usr/bin/make -f Makefile cmTC_dfc2c/fast && /usr/bin/make  -f CMakeFiles/cmTC_dfc2c.dir/build.make CMakeFiles/cmTC_dfc2c.dir/build
make[1]: Entering directory '/media/umass/datasystem/steven/Scaler/libScalerHook/lib/CMakeFiles/CMakeTmp'
Building C object CMakeFiles/cmTC_dfc2c.dir/CMakeCCompilerABI.c.o
/usr/bin/cc   -fpic %{CMAKE_C_FLAGS}    -v -o CMakeFiles/cmTC_dfc2c.dir/CMakeCCompilerABI.c.o -c /usr/local/share/cmake-3.20.2-linux-x86_64/share/cmake-3.20/Modules/CMakeCCompilerABI.c
cc: error: %{CMAKE_C_FLAGS}: No such file or directory
Using built-in specs.
COLLECT_GCC=/usr/bin/cc
OFFLOAD_TARGET_NAMES=nvptx-none
OFFLOAD_TARGET_DEFAULT=1
Target: x86_64-linux-gnu
Configured with: ../src/configure -v --with-pkgversion='Ubuntu 7.5.0-3ubuntu1~18.04' --with-bugurl=file:///usr/share/doc/gcc-7/README.Bugs --enable-languages=c,ada,c++,go,brig,d,fortran,objc,obj-c++ --prefix=/usr --with-gcc-major-version-only --program-suffix=-7 --program-prefix=x86_64-linux-gnu- --enable-shared --enable-linker-build-id --libexecdir=/usr/lib --without-included-gettext --enable-threads=posix --libdir=/usr/lib --enable-nls --enable-bootstrap --enable-clocale=gnu --enable-libstdcxx-debug --enable-libstdcxx-time=yes --with-default-libstdcxx-abi=new --enable-gnu-unique-object --disable-vtable-verify --enable-libmpx --enable-plugin --enable-default-pie --with-system-zlib --with-target-system-zlib --enable-objc-gc=auto --enable-multiarch --disable-werror --with-arch-32=i686 --with-abi=m64 --with-multilib-list=m32,m64,mx32 --enable-multilib --with-tune=generic --enable-offload-targets=nvptx-none --without-cuda-driver --enable-checking=release --build=x86_64-linux-gnu --host=x86_64-linux-gnu --target=x86_64-linux-gnu
Thread model: posix
gcc version 7.5.0 (Ubuntu 7.5.0-3ubuntu1~18.04) 
CMakeFiles/cmTC_dfc2c.dir/build.make:77: recipe for target 'CMakeFiles/cmTC_dfc2c.dir/CMakeCCompilerABI.c.o' failed
make[1]: *** [CMakeFiles/cmTC_dfc2c.dir/CMakeCCompilerABI.c.o] Error 1
make[1]: Leaving directory '/media/umass/datasystem/steven/Scaler/libScalerHook/lib/CMakeFiles/CMakeTmp'
Makefile:127: recipe for target 'cmTC_dfc2c/fast' failed
make: *** [cmTC_dfc2c/fast] Error 2




Determining if the C compiler works failed with the following output:
Change Dir: /media/umass/datasystem/steven/Scaler/libScalerHook/lib/CMakeFiles/CMakeTmp

Run Build Command(s):/usr/bin/make -f Makefile cmTC_dcf4a/fast && /usr/bin/make  -f CMakeFiles/cmTC_dcf4a.dir/build.make CMakeFiles/cmTC_dcf4a.dir/build
make[1]: Entering directory '/media/umass/datasystem/steven/Scaler/libScalerHook/lib/CMakeFiles/CMakeTmp'
Building C object CMakeFiles/cmTC_dcf4a.dir/testCCompiler.c.o
/usr/bin/cc   -fpic %{CMAKE_C_FLAGS}  -o CMakeFiles/cmTC_dcf4a.dir/testCCompiler.c.o -c /media/umass/datasystem/steven/Scaler/libScalerHook/lib/CMakeFiles/CMakeTmp/testCCompiler.c
cc: error: %{CMAKE_C_FLAGS}: No such file or directory
CMakeFiles/cmTC_dcf4a.dir/build.make:77: recipe for target 'CMakeFiles/cmTC_dcf4a.dir/testCCompiler.c.o' failed
make[1]: *** [CMakeFiles/cmTC_dcf4a.dir/testCCompiler.c.o] Error 1
make[1]: Leaving directory '/media/umass/datasystem/steven/Scaler/libScalerHook/lib/CMakeFiles/CMakeTmp'
Makefile:127: recipe for target 'cmTC_dcf4a/fast' failed
make: *** [cmTC_dcf4a/fast] Error 2



