2022-01-13 15:28:09.829+0000 INFO [o.n.g.f.m.e.CommunityEditionModule] No locking implementation specified, defaulting to 'community'
2022-01-13 15:28:10.111+0000 INFO [o.n.g.f.GraphDatabaseFacadeFactory] Creating 'graph.db' database.
2022-01-13 15:28:10.201+0000 INFO [o.n.k.a.DatabaseAvailabilityGuard] Requirement `Database available` makes database graph.db unavailable.
2022-01-13 15:28:10.203+0000 INFO [o.n.k.a.DatabaseAvailabilityGuard] Database graph.db is unavailable.
2022-01-13 15:28:10.241+0000 INFO [o.n.i.d.DiagnosticsManager] --- INITIALIZED diagnostics START ---
2022-01-13 15:28:10.242+0000 INFO [o.n.i.d.DiagnosticsManager] Neo4j Kernel properties:
2022-01-13 15:28:10.242+0000 INFO [o.n.i.d.DiagnosticsManager] dbms.connector.http.enabled=true
2022-01-13 15:28:10.243+0000 INFO [o.n.i.d.DiagnosticsManager] dbms.security.auth_enabled=true
2022-01-13 15:28:10.243+0000 INFO [o.n.i.d.DiagnosticsManager] dbms.windows_service_name=neo4j
2022-01-13 15:28:10.243+0000 INFO [o.n.i.d.DiagnosticsManager] dbms.connector.http.listen_address=0.0.0.0:7474
2022-01-13 15:28:10.243+0000 INFO [o.n.i.d.DiagnosticsManager] dbms.connector.https.listen_address=0.0.0.0:7473
2022-01-13 15:28:10.244+0000 INFO [o.n.i.d.DiagnosticsManager] unsupported.dbms.directories.neo4j_home=/var/lib/neo4j
2022-01-13 15:28:10.244+0000 INFO [o.n.i.d.DiagnosticsManager] dbms.connector.bolt.listen_address=0.0.0.0:7687
2022-01-13 15:28:10.244+0000 INFO [o.n.i.d.DiagnosticsManager] dbms.directories.import=/import
2022-01-13 15:28:10.244+0000 INFO [o.n.i.d.DiagnosticsManager] dbms.memory.pagecache.size=1G
2022-01-13 15:28:10.245+0000 INFO [o.n.i.d.DiagnosticsManager] unsupported.dbms.edition=community
2022-01-13 15:28:10.245+0000 INFO [o.n.i.d.DiagnosticsManager] dbms.directories.logs=/logs
2022-01-13 15:28:10.245+0000 INFO [o.n.i.d.DiagnosticsManager] dbms.connector.bolt.enabled=true
2022-01-13 15:28:10.245+0000 INFO [o.n.i.d.DiagnosticsManager] dbms.connector.https.enabled=true
2022-01-13 15:28:10.246+0000 INFO [o.n.i.d.DiagnosticsManager] dbms.jvm.additional=-XX:+UseG1GC
2022-01-13 15:28:10.246+0000 INFO [o.n.i.d.DiagnosticsManager] wrapper.java.additional=-Dneo4j.ext.udc.source=docker
2022-01-13 15:28:10.246+0000 INFO [o.n.i.d.DiagnosticsManager] dbms.directories.plugins=/plugins
2022-01-13 15:28:10.246+0000 INFO [o.n.i.d.DiagnosticsManager] dbms.tx_log.rotation.retention_policy=1 days
2022-01-13 15:28:10.246+0000 INFO [o.n.i.d.DiagnosticsManager] dbms.connectors.default_listen_address=0.0.0.0
2022-01-13 15:28:10.247+0000 INFO [o.n.i.d.DiagnosticsManager] dbms.memory.heap.max_size=1G
2022-01-13 15:28:10.247+0000 INFO [o.n.i.d.DiagnosticsManager] Diagnostics providers:
2022-01-13 15:28:10.247+0000 INFO [o.n.i.d.DiagnosticsManager] org.neo4j.kernel.configuration.Config
2022-01-13 15:28:10.247+0000 INFO [o.n.i.d.DiagnosticsManager] org.neo4j.internal.diagnostics.DiagnosticsManager
2022-01-13 15:28:10.248+0000 INFO [o.n.i.d.DiagnosticsManager] SYSTEM_MEMORY
2022-01-13 15:28:10.248+0000 INFO [o.n.i.d.DiagnosticsManager] JAVA_MEMORY
2022-01-13 15:28:10.248+0000 INFO [o.n.i.d.DiagnosticsManager] OPERATING_SYSTEM
2022-01-13 15:28:10.248+0000 INFO [o.n.i.d.DiagnosticsManager] JAVA_VIRTUAL_MACHINE
2022-01-13 15:28:10.248+0000 INFO [o.n.i.d.DiagnosticsManager] CLASSPATH
2022-01-13 15:28:10.248+0000 INFO [o.n.i.d.DiagnosticsManager] LIBRARY_PATH
2022-01-13 15:28:10.248+0000 INFO [o.n.i.d.DiagnosticsManager] SYSTEM_PROPERTIES
2022-01-13 15:28:10.248+0000 INFO [o.n.i.d.DiagnosticsManager] TIMEZONE_DATABASE
2022-01-13 15:28:10.249+0000 INFO [o.n.i.d.DiagnosticsManager] LINUX_SCHEDULERS
2022-01-13 15:28:10.249+0000 INFO [o.n.i.d.DiagnosticsManager] NETWORK
2022-01-13 15:28:10.249+0000 INFO [o.n.i.d.DiagnosticsManager] System memory information:
2022-01-13 15:28:10.272+0000 INFO [o.n.i.d.DiagnosticsManager] Total Physical memory: 15.53 GB
2022-01-13 15:28:10.273+0000 INFO [o.n.i.d.DiagnosticsManager] Free Physical memory: 12.98 GB
2022-01-13 15:28:10.273+0000 INFO [o.n.i.d.DiagnosticsManager] Committed virtual memory: 4.82 GB
2022-01-13 15:28:10.274+0000 INFO [o.n.i.d.DiagnosticsManager] Total swap space: 32.95 GB
2022-01-13 15:28:10.275+0000 INFO [o.n.i.d.DiagnosticsManager] Free swap space: 32.95 GB
2022-01-13 15:28:10.275+0000 INFO [o.n.i.d.DiagnosticsManager] JVM memory information:
2022-01-13 15:28:10.275+0000 INFO [o.n.i.d.DiagnosticsManager] Free  memory: 219.29 MB
2022-01-13 15:28:10.275+0000 INFO [o.n.i.d.DiagnosticsManager] Total memory: 250.00 MB
2022-01-13 15:28:10.275+0000 INFO [o.n.i.d.DiagnosticsManager] Max   memory: 1.00 GB
2022-01-13 15:28:10.279+0000 INFO [o.n.i.d.DiagnosticsManager] Garbage Collector: G1 Young Generation: [G1 Eden Space, G1 Survivor Space, G1 Old Gen]
2022-01-13 15:28:10.282+0000 INFO [o.n.i.d.DiagnosticsManager] Garbage Collector: G1 Old Generation: [G1 Eden Space, G1 Survivor Space, G1 Old Gen]
2022-01-13 15:28:10.282+0000 INFO [o.n.i.d.DiagnosticsManager] Memory Pool: Code Cache (Non-heap memory): committed=6.75 MB, used=6.67 MB, max=240.00 MB, threshold=0.00 B
2022-01-13 15:28:10.282+0000 INFO [o.n.i.d.DiagnosticsManager] Memory Pool: Metaspace (Non-heap memory): committed=21.67 MB, used=20.56 MB, max=-1.00 B, threshold=0.00 B
2022-01-13 15:28:10.283+0000 INFO [o.n.i.d.DiagnosticsManager] Memory Pool: Compressed Class Space (Non-heap memory): committed=2.75 MB, used=2.45 MB, max=1.00 GB, threshold=0.00 B
2022-01-13 15:28:10.283+0000 INFO [o.n.i.d.DiagnosticsManager] Memory Pool: G1 Eden Space (Heap memory): committed=141.00 MB, used=5.00 MB, max=-1.00 B, threshold=?
2022-01-13 15:28:10.283+0000 INFO [o.n.i.d.DiagnosticsManager] Memory Pool: G1 Survivor Space (Heap memory): committed=17.00 MB, used=17.00 MB, max=-1.00 B, threshold=?
2022-01-13 15:28:10.284+0000 INFO [o.n.i.d.DiagnosticsManager] Memory Pool: G1 Old Gen (Heap memory): committed=92.00 MB, used=6.71 MB, max=1.00 GB, threshold=0.00 B
2022-01-13 15:28:10.284+0000 INFO [o.n.i.d.DiagnosticsManager] Operating system information:
2022-01-13 15:28:10.285+0000 INFO [o.n.i.d.DiagnosticsManager] Operating System: Linux; version: 5.8.0-48-generic; arch: amd64; cpus: 12
2022-01-13 15:28:10.285+0000 INFO [o.n.i.d.DiagnosticsManager] Max number of file descriptors: 1048576
2022-01-13 15:28:10.286+0000 INFO [o.n.i.d.DiagnosticsManager] Number of open file descriptors: 139
2022-01-13 15:28:10.288+0000 INFO [o.n.i.d.DiagnosticsManager] Process id: 7@211269ea447f
2022-01-13 15:28:10.288+0000 INFO [o.n.i.d.DiagnosticsManager] Byte order: LITTLE_ENDIAN
2022-01-13 15:28:10.296+0000 INFO [o.n.i.d.DiagnosticsManager] Local timezone: Etc/UTC
2022-01-13 15:28:10.296+0000 INFO [o.n.i.d.DiagnosticsManager] JVM information:
2022-01-13 15:28:10.297+0000 INFO [o.n.i.d.DiagnosticsManager] VM Name: OpenJDK 64-Bit Server VM
2022-01-13 15:28:10.297+0000 INFO [o.n.i.d.DiagnosticsManager] VM Vendor: Oracle Corporation
2022-01-13 15:28:10.297+0000 INFO [o.n.i.d.DiagnosticsManager] VM Version: 25.312-b07
2022-01-13 15:28:10.298+0000 INFO [o.n.i.d.DiagnosticsManager] JIT compiler: HotSpot 64-Bit Tiered Compilers
2022-01-13 15:28:10.299+0000 INFO [o.n.i.d.DiagnosticsManager] VM Arguments: [-Xmx1G, -XX:+UseG1GC, -XX:-OmitStackTraceInFastThrow, -XX:+AlwaysPreTouch, -XX:+UnlockExperimentalVMOptions, -XX:+TrustFinalNonStaticFields, -XX:+DisableExplicitGC, -Djdk.tls.ephemeralDHKeySize=2048, -Djdk.tls.rejectClientInitiatedRenegotiation=true, -Dunsupported.dbms.udc.source=docker, -Dfile.encoding=UTF-8]
2022-01-13 15:28:10.299+0000 INFO [o.n.i.d.DiagnosticsManager] Java classpath:
2022-01-13 15:28:10.306+0000 INFO [o.n.i.d.DiagnosticsManager]  [classpath + loader.0] file:/var/lib/neo4j/lib/neo4j-cypher-expression-3.4-3.4.18.jar
2022-01-13 15:28:10.306+0000 INFO [o.n.i.d.DiagnosticsManager]  [classpath + loader.0] file:/var/lib/neo4j/lib/neo4j-dbms-3.5.30.jar
2022-01-13 15:28:10.306+0000 INFO [o.n.i.d.DiagnosticsManager]  [classpath + loader.0] file:/var/lib/neo4j/lib/neo4j-graph-algo-3.5.30.jar
2022-01-13 15:28:10.307+0000 INFO [o.n.i.d.DiagnosticsManager]  [classpath + loader.0] file:/var/lib/neo4j/lib/neo4j-fulltext-index-3.5.30.jar
2022-01-13 15:28:10.307+0000 INFO [o.n.i.d.DiagnosticsManager]  [classpath + loader.0] file:/var/lib/neo4j/lib/neo4j-cypher-logical-plans-3.4-3.4.18.jar
2022-01-13 15:28:10.307+0000 INFO [o.n.i.d.DiagnosticsManager]  [classpath + loader.0] file:/var/lib/neo4j/lib/openCypher-frontend-1-3.4.18.jar
2022-01-13 15:28:10.307+0000 INFO [o.n.i.d.DiagnosticsManager]  [classpath + loader.0] file:/var/lib/neo4j/lib/neo4j-parser-3.5-3.5.30.jar
2022-01-13 15:28:10.307+0000 INFO [o.n.i.d.DiagnosticsManager]  [loader.1] file:/usr/local/openjdk-8/lib/ext/zipfs.jar
2022-01-13 15:28:10.307+0000 INFO [o.n.i.d.DiagnosticsManager]  [classpath + loader.0] file:/var/lib/neo4j/lib/concurrentlinkedhashmap-lru-1.4.2.jar
2022-01-13 15:28:10.308+0000 INFO [o.n.i.d.DiagnosticsManager]  [classpath + loader.0] file:/var/lib/neo4j/lib/jPowerShell-1.9.jar
2022-01-13 15:28:10.308+0000 INFO [o.n.i.d.DiagnosticsManager]  [classpath + loader.0] file:/var/lib/neo4j/lib/jackson-databind-2.10.5.1.jar
2022-01-13 15:28:10.308+0000 INFO [o.n.i.d.DiagnosticsManager]  [classpath + loader.0] file:/var/lib/neo4j/lib/neo4j-codegen-3.5.30.jar
2022-01-13 15:28:10.308+0000 INFO [o.n.i.d.DiagnosticsManager]  [classpath + loader.0] file:/var/lib/neo4j/lib/jsr311-api-1.1.1.jar
2022-01-13 15:28:10.308+0000 INFO [o.n.i.d.DiagnosticsManager]  [classpath + loader.0] file:/var/lib/neo4j/lib/neo4j-cypher-ir-3.5-3.5.30.jar
2022-01-13 15:28:10.309+0000 INFO [o.n.i.d.DiagnosticsManager]  [loader.1] file:/usr/local/openjdk-8/lib/ext/sunec.jar
2022-01-13 15:28:10.309+0000 INFO [o.n.i.d.DiagnosticsManager]  [classpath + loader.0] file:/var/lib/neo4j/lib/neo4j-cypher-ir-3.4-3.4.18.jar
2022-01-13 15:28:10.309+0000 INFO [o.n.i.d.DiagnosticsManager]  [classpath + loader.0] file:/plugins/*
2022-01-13 15:28:10.309+0000 INFO [o.n.i.d.DiagnosticsManager]  [classpath + loader.0] file:/var/lib/neo4j/lib/jakarta.activation-api-1.2.1.jar
2022-01-13 15:28:10.309+0000 INFO [o.n.i.d.DiagnosticsManager]  [loader.1] file:/usr/local/openjdk-8/lib/ext/sunjce_provider.jar
2022-01-13 15:28:10.309+0000 INFO [o.n.i.d.DiagnosticsManager]  [classpath + loader.0] file:/var/lib/neo4j/lib/zstd-proxy-3.5.30.jar
2022-01-13 15:28:10.310+0000 INFO [o.n.i.d.DiagnosticsManager]  [classpath + loader.0] file:/var/lib/neo4j/lib/server-api-3.5.30.jar
2022-01-13 15:28:10.310+0000 INFO [o.n.i.d.DiagnosticsManager]  [classpath + loader.0] file:/var/lib/neo4j/lib/jersey-server-1.19.3.jar
2022-01-13 15:28:10.310+0000 INFO [o.n.i.d.DiagnosticsManager]  [classpath + loader.0] file:/var/lib/neo4j/lib/neo4j-push-to-cloud-3.5.30.jar
2022-01-13 15:28:10.310+0000 INFO [o.n.i.d.DiagnosticsManager]  [classpath + loader.0] file:/var/lib/neo4j/lib/neo4j-collections-3.5.30.jar
2022-01-13 15:28:10.310+0000 INFO [o.n.i.d.DiagnosticsManager]  [classpath + loader.0] file:/var/lib/neo4j/lib/neo4j-io-3.5.30.jar
2022-01-13 15:28:10.310+0000 INFO [o.n.i.d.DiagnosticsManager]  [classpath + loader.0] file:/var/lib/neo4j/lib/neo4j-cypher-logical-plans-3.5-3.5.30.jar
2022-01-13 15:28:10.311+0000 INFO [o.n.i.d.DiagnosticsManager]  [classpath + loader.0] file:/var/lib/neo4j/lib/neo4j-annotation-processors-3.5.30.jar
2022-01-13 15:28:10.311+0000 INFO [o.n.i.d.DiagnosticsManager]  [classpath + loader.0] file:/var/lib/neo4j/lib/commons-io-2.6.jar
2022-01-13 15:28:10.311+0000 INFO [o.n.i.d.DiagnosticsManager]  [loader.1] file:/usr/local/openjdk-8/lib/ext/dnsns.jar
2022-01-13 15:28:10.311+0000 INFO [o.n.i.d.DiagnosticsManager]  [classpath + loader.0] file:/var/lib/neo4j/lib/neo4j-lucene-upgrade-3.5.30.jar
2022-01-13 15:28:10.311+0000 INFO [o.n.i.d.DiagnosticsManager]  [classpath + loader.0] file:/var/lib/neo4j/lib/neo4j-configuration-3.5.30.jar
2022-01-13 15:28:10.311+0000 INFO [o.n.i.d.DiagnosticsManager]  [classpath + loader.0] file:/var/lib/neo4j/lib/neo4j-procedure-api-3.5.30.jar
2022-01-13 15:28:10.312+0000 INFO [o.n.i.d.DiagnosticsManager]  [classpath + loader.0] file:/var/lib/neo4j/lib/jersey-core-1.19.3.jar
2022-01-13 15:28:10.312+0000 INFO [o.n.i.d.DiagnosticsManager]  [classpath + loader.0] file:/var/lib/neo4j/lib/neo4j-csv-3.5.30.jar
2022-01-13 15:28:10.312+0000 INFO [o.n.i.d.DiagnosticsManager]  [classpath + loader.0] file:/var/lib/neo4j/lib/neo4j-server-3.5.30.jar
2022-01-13 15:28:10.312+0000 INFO [o.n.i.d.DiagnosticsManager]  [classpath + loader.0] file:/var/lib/neo4j/lib/commons-configuration-1.10.jar
2022-01-13 15:28:10.312+0000 INFO [o.n.i.d.DiagnosticsManager]  [loader.1] file:/usr/local/openjdk-8/lib/ext/cldrdata.jar
2022-01-13 15:28:10.313+0000 INFO [o.n.i.d.DiagnosticsManager]  [bootstrap] /usr/local/openjdk-8/lib/charsets.jar
2022-01-13 15:28:10.313+0000 INFO [o.n.i.d.DiagnosticsManager]  [classpath + loader.0] file:/var/lib/neo4j/lib/neo4j-3.5.30.jar
2022-01-13 15:28:10.313+0000 INFO [o.n.i.d.DiagnosticsManager]  [classpath + loader.0] file:/var/lib/neo4j/lib/jersey-servlet-1.19.3.jar
2022-01-13 15:28:10.313+0000 INFO [o.n.i.d.DiagnosticsManager]  [classpath + loader.0] file:/var/lib/neo4j/lib/neo4j-common-3.5.30.jar
2022-01-13 15:28:10.313+0000 INFO [o.n.i.d.DiagnosticsManager]  [classpath + loader.0] file:/var/lib/neo4j/lib/neo4j-expressions-3.5-3.5.30.jar
2022-01-13 15:28:10.313+0000 INFO [o.n.i.d.DiagnosticsManager]  [classpath + loader.0] file:/var/lib/neo4j/lib/bcprov-jdk15on-1.68.jar
2022-01-13 15:28:10.314+0000 INFO [o.n.i.d.DiagnosticsManager]  [classpath + loader.0] file:/var/lib/neo4j/lib/txw2-2.3.2.jar
2022-01-13 15:28:10.314+0000 INFO [o.n.i.d.DiagnosticsManager]  [bootstrap] /usr/local/openjdk-8/lib/resources.jar
2022-01-13 15:28:10.314+0000 INFO [o.n.i.d.DiagnosticsManager]  [classpath + loader.0] file:/var/lib/neo4j/lib/scala-library-2.11.12.jar
2022-01-13 15:28:10.314+0000 INFO [o.n.i.d.DiagnosticsManager]  [classpath + loader.0] file:/var/lib/neo4j/lib/jackson-module-jaxb-annotations-2.10.5.jar
2022-01-13 15:28:10.314+0000 INFO [o.n.i.d.DiagnosticsManager]  [classpath + loader.0] file:/var/lib/neo4j/lib/neo4j-kernel-api-3.5.30.jar
2022-01-13 15:28:10.314+0000 INFO [o.n.i.d.DiagnosticsManager]  [classpath + loader.0] file:/var/lib/neo4j/lib/neo4j-bolt-3.5.30.jar
2022-01-13 15:28:10.315+0000 INFO [o.n.i.d.DiagnosticsManager]  [bootstrap] /usr/local/openjdk-8/lib/jsse.jar
2022-01-13 15:28:10.315+0000 INFO [o.n.i.d.DiagnosticsManager]  [classpath + loader.0] file:/var/lib/neo4j/lib/neo4j-util-3.5-3.5.30.jar
2022-01-13 15:28:10.315+0000 INFO [o.n.i.d.DiagnosticsManager]  [classpath + loader.0] file:/var/lib/neo4j/lib/neo4j-consistency-check-3.5.30.jar
2022-01-13 15:28:10.315+0000 INFO [o.n.i.d.DiagnosticsManager]  [classpath + loader.0] file:/var/lib/neo4j/lib/neo4j-import-tool-3.5.30.jar
2022-01-13 15:28:10.315+0000 INFO [o.n.i.d.DiagnosticsManager]  [loader.1] file:/usr/local/openjdk-8/lib/ext/localedata.jar
2022-01-13 15:28:10.315+0000 INFO [o.n.i.d.DiagnosticsManager]  [classpath + loader.0] file:/var/lib/neo4j/lib/neo4j-cypher-runtime-util-3.5.30.jar
2022-01-13 15:28:10.315+0000 INFO [o.n.i.d.DiagnosticsManager]  [classpath + loader.0] file:/var/lib/neo4j/lib/neo4j-rewriting-3.5-3.5.30.jar
2022-01-13 15:28:10.315+0000 INFO [o.n.i.d.DiagnosticsManager]  [classpath + loader.0] file:/var/lib/neo4j/lib/jetty-servlet-9.4.43.v20210629.jar
2022-01-13 15:28:10.315+0000 INFO [o.n.i.d.DiagnosticsManager]  [classpath + loader.0] file:/var/lib/neo4j/lib/neo4j-front-end-3.5-3.5.30.jar
2022-01-13 15:28:10.315+0000 INFO [o.n.i.d.DiagnosticsManager]  [classpath + loader.0] file:/var/lib/neo4j/lib/neo4j-browser-4.3.4.jar
2022-01-13 15:28:10.315+0000 INFO [o.n.i.d.DiagnosticsManager]  [classpath + loader.0] file:/var/lib/neo4j/lib/neo4j-cypher-expression-evaluator-3.5.30.jar
2022-01-13 15:28:10.315+0000 INFO [o.n.i.d.DiagnosticsManager]  [classpath + loader.0] file:/var/lib/neo4j/lib/javax.servlet-api-3.1.0.jar
2022-01-13 15:28:10.315+0000 INFO [o.n.i.d.DiagnosticsManager]  [bootstrap] /usr/local/openjdk-8/lib/sunrsasign.jar
2022-01-13 15:28:10.316+0000 INFO [o.n.i.d.DiagnosticsManager]  [classpath + loader.0] file:/var/lib/neo4j/lib/jProcesses-1.6.4.jar
2022-01-13 15:28:10.316+0000 INFO [o.n.i.d.DiagnosticsManager]  [classpath + loader.0] file:/var/lib/neo4j/lib/neo4j-cypher-compiler-2.3-2.3.12.jar
2022-01-13 15:28:10.316+0000 INFO [o.n.i.d.DiagnosticsManager]  [classpath + loader.0] file:/var/lib/neo4j/lib/istack-commons-runtime-3.0.8.jar
2022-01-13 15:28:10.316+0000 INFO [o.n.i.d.DiagnosticsManager]  [classpath + loader.0] file:/var/lib/neo4j/lib/bcpkix-jdk15on-1.68.jar
2022-01-13 15:28:10.316+0000 INFO [o.n.i.d.DiagnosticsManager]  [loader.1] file:/usr/local/openjdk-8/lib/ext/sunpkcs11.jar
2022-01-13 15:28:10.316+0000 INFO [o.n.i.d.DiagnosticsManager]  [classpath + loader.0] file:/var/lib/neo4j/lib/scala-reflect-2.11.12.jar
2022-01-13 15:28:10.316+0000 INFO [o.n.i.d.DiagnosticsManager]  [classpath + loader.0] file:/var/lib/neo4j/lib/neo4j-resource-3.5.30.jar
2022-01-13 15:28:10.316+0000 INFO [o.n.i.d.DiagnosticsManager]  [classpath + loader.0] file:/var/lib/neo4j/lib/commons-lang-2.6.jar
2022-01-13 15:28:10.316+0000 INFO [o.n.i.d.DiagnosticsManager]  [classpath + loader.0] file:/var/lib/neo4j/lib/lucene-core-5.5.5.jar
2022-01-13 15:28:10.316+0000 INFO [o.n.i.d.DiagnosticsManager]  [classpath + loader.0] file:/var/lib/neo4j/lib/lucene-codecs-5.5.5.jar
2022-01-13 15:28:10.316+0000 INFO [o.n.i.d.DiagnosticsManager]  [bootstrap] /usr/local/openjdk-8/lib/rt.jar
2022-01-13 15:28:10.316+0000 INFO [o.n.i.d.DiagnosticsManager]  [classpath + loader.0] file:/var/lib/neo4j/lib/activation-1.1.1.jar
2022-01-13 15:28:10.317+0000 INFO [o.n.i.d.DiagnosticsManager]  [classpath + loader.0] file:/var/lib/neo4j/lib/stax-ex-1.8.1.jar
2022-01-13 15:28:10.317+0000 INFO [o.n.i.d.DiagnosticsManager]  [classpath + loader.0] file:/var/lib/neo4j/lib/neo4j-cypher-compiler-3.1-3.1.9.jar
2022-01-13 15:28:10.317+0000 INFO [o.n.i.d.DiagnosticsManager]  [classpath + loader.0] file:/var/lib/neo4j/lib/eclipse-collections-9.2.0.jar
2022-01-13 15:28:10.317+0000 INFO [o.n.i.d.DiagnosticsManager]  [classpath + loader.0] file:/var/lib/neo4j/lib/neo4j-index-3.5.30.jar
2022-01-13 15:28:10.317+0000 INFO [o.n.i.d.DiagnosticsManager]  [classpath + loader.0] file:/var/lib/neo4j/lib/neo4j-cypher-3.5.30.jar
2022-01-13 15:28:10.317+0000 INFO [o.n.i.d.DiagnosticsManager]  [classpath + loader.0] file:/var/lib/neo4j/lib/commons-lang3-3.8.jar
2022-01-13 15:28:10.317+0000 INFO [o.n.i.d.DiagnosticsManager]  [classpath + loader.0] file:/var/lib/neo4j/lib/netty-all-4.1.68.Final.jar
2022-01-13 15:28:10.317+0000 INFO [o.n.i.d.DiagnosticsManager]  [classpath + loader.0] file:/var/lib/neo4j/lib/neo4j-security-3.5.30.jar
2022-01-13 15:28:10.317+0000 INFO [o.n.i.d.DiagnosticsManager]  [classpath + loader.0] file:/var/lib/neo4j/lib/jetty-webapp-9.4.43.v20210629.jar
2022-01-13 15:28:10.317+0000 INFO [o.n.i.d.DiagnosticsManager]  [classpath + loader.0] file:/var/lib/neo4j/lib/neo4j-cypher-planner-3.5-3.5.30.jar
2022-01-13 15:28:10.317+0000 INFO [o.n.i.d.DiagnosticsManager]  [classpath + loader.0] file:/var/lib/neo4j/conf/
2022-01-13 15:28:10.317+0000 INFO [o.n.i.d.DiagnosticsManager]  [classpath + loader.0] file:/var/lib/neo4j/lib/jetty-server-9.4.43.v20210629.jar
2022-01-13 15:28:10.317+0000 INFO [o.n.i.d.DiagnosticsManager]  [classpath + loader.0] file:/var/lib/neo4j/lib/neo4j-spatial-index-3.5.30.jar
2022-01-13 15:28:10.317+0000 INFO [o.n.i.d.DiagnosticsManager]  [classpath + loader.0] file:/var/lib/neo4j/lib/neo4j-kernel-3.5.30.jar
2022-01-13 15:28:10.318+0000 INFO [o.n.i.d.DiagnosticsManager]  [classpath + loader.0] file:/var/lib/neo4j/lib/neo4j-values-3.5.30.jar
2022-01-13 15:28:10.318+0000 INFO [o.n.i.d.DiagnosticsManager]  [classpath + loader.0] file:/var/lib/neo4j/lib/neo4j-ast-3.5-3.5.30.jar
2022-01-13 15:28:10.318+0000 INFO [o.n.i.d.DiagnosticsManager]  [classpath + loader.0] file:/var/lib/neo4j/lib/jaxb-runtime-2.3.2.jar
2022-01-13 15:28:10.318+0000 INFO [o.n.i.d.DiagnosticsManager]  [classpath + loader.0] file:/var/lib/neo4j/lib/jaxb-api-2.3.0.jar
2022-01-13 15:28:10.318+0000 INFO [o.n.i.d.DiagnosticsManager]  [classpath + loader.0] file:/var/lib/neo4j/lib/opencsv-2.3.jar
2022-01-13 15:28:10.318+0000 INFO [o.n.i.d.DiagnosticsManager]  [classpath + loader.0] file:/var/lib/neo4j/lib/neo4j-cypher-planner-3.4-3.4.18.jar
2022-01-13 15:28:10.318+0000 INFO [o.n.i.d.DiagnosticsManager]  [classpath + loader.0] file:/var/lib/neo4j/lib/jackson-jaxrs-base-2.10.5.jar
2022-01-13 15:28:10.318+0000 INFO [o.n.i.d.DiagnosticsManager]  [classpath + loader.0] file:/var/lib/neo4j/lib/parboiled-scala_2.11-1.1.7.jar
2022-01-13 15:28:10.318+0000 INFO [o.n.i.d.DiagnosticsManager]  [classpath + loader.0] file:/var/lib/neo4j/lib/neo4j-jmx-3.5.30.jar
2022-01-13 15:28:10.318+0000 INFO [o.n.i.d.DiagnosticsManager]  [classpath + loader.0] file:/var/lib/neo4j/lib/neo4j-cypher-planner-spi-3.5-3.5.30.jar
2022-01-13 15:28:10.318+0000 INFO [o.n.i.d.DiagnosticsManager]  [classpath + loader.0] file:/var/lib/neo4j/lib/neo4j-logging-3.5.30.jar
2022-01-13 15:28:10.318+0000 INFO [o.n.i.d.DiagnosticsManager]  [classpath + loader.0] file:/var/lib/neo4j/lib/jetty-security-9.4.43.v20210629.jar
2022-01-13 15:28:10.319+0000 INFO [o.n.i.d.DiagnosticsManager]  [classpath + loader.0] file:/var/lib/neo4j/lib/jackson-annotations-2.10.5.jar
2022-01-13 15:28:10.319+0000 INFO [o.n.i.d.DiagnosticsManager]  [classpath + loader.0] file:/var/lib/neo4j/lib/neo4j-cypher-planner-spi-3.4-3.4.18.jar
2022-01-13 15:28:10.319+0000 INFO [o.n.i.d.DiagnosticsManager]  [classpath + loader.0] file:/var/lib/neo4j/lib/neo4j-cypher-interpreted-runtime-3.5.30.jar
2022-01-13 15:28:10.319+0000 INFO [o.n.i.d.DiagnosticsManager]  [bootstrap] /usr/local/openjdk-8/classes
2022-01-13 15:28:10.319+0000 INFO [o.n.i.d.DiagnosticsManager]  [classpath + loader.0] file:/var/lib/neo4j/lib/neo4j-lucene-index-3.5.30.jar
2022-01-13 15:28:10.319+0000 INFO [o.n.i.d.DiagnosticsManager]  [classpath + loader.0] file:/var/lib/neo4j/lib/neo4j-command-line-3.5.30.jar
2022-01-13 15:28:10.319+0000 INFO [o.n.i.d.DiagnosticsManager]  [classpath + loader.0] file:/var/lib/neo4j/lib/jetty-http-9.4.43.v20210629.jar
2022-01-13 15:28:10.319+0000 INFO [o.n.i.d.DiagnosticsManager]  [classpath + loader.0] file:/var/lib/neo4j/lib/neo4j-udc-3.5.30.jar
2022-01-13 15:28:10.319+0000 INFO [o.n.i.d.DiagnosticsManager]  [classpath + loader.0] file:/var/lib/neo4j/lib/eclipse-collections-api-9.2.0.jar
2022-01-13 15:28:10.319+0000 INFO [o.n.i.d.DiagnosticsManager]  [classpath + loader.0] file:/var/lib/neo4j/lib/neo4j-data-collector-3.5.30.jar
2022-01-13 15:28:10.319+0000 INFO [o.n.i.d.DiagnosticsManager]  [classpath + loader.0] file:/var/lib/neo4j/lib/FastInfoset-1.2.16.jar
2022-01-13 15:28:10.319+0000 INFO [o.n.i.d.DiagnosticsManager]  [bootstrap] /usr/local/openjdk-8/lib/jfr.jar
2022-01-13 15:28:10.319+0000 INFO [o.n.i.d.DiagnosticsManager]  [classpath + loader.0] file:/var/lib/neo4j/lib/caffeine-2.6.2.jar
2022-01-13 15:28:10.319+0000 INFO [o.n.i.d.DiagnosticsManager]  [classpath + loader.0] file:/var/lib/neo4j/lib/lucene-queryparser-5.5.5.jar
2022-01-13 15:28:10.319+0000 INFO [o.n.i.d.DiagnosticsManager]  [classpath + loader.0] file:/var/lib/neo4j/lib/jetty-util-9.4.43.v20210629.jar
2022-01-13 15:28:10.319+0000 INFO [o.n.i.d.DiagnosticsManager]  [loader.1] file:/usr/local/openjdk-8/lib/ext/nashorn.jar
2022-01-13 15:28:10.320+0000 INFO [o.n.i.d.DiagnosticsManager]  [classpath + loader.0] file:/var/lib/neo4j/lib/jetty-xml-9.4.43.v20210629.jar
2022-01-13 15:28:10.320+0000 INFO [o.n.i.d.DiagnosticsManager]  [bootstrap] /usr/local/openjdk-8/lib/jce.jar
2022-01-13 15:28:10.320+0000 INFO [o.n.i.d.DiagnosticsManager]  [classpath + loader.0] file:/var/lib/neo4j/lib/neo4j-cypher-frontend-3.1-3.1.9.jar
2022-01-13 15:28:10.320+0000 INFO [o.n.i.d.DiagnosticsManager]  [classpath + loader.0] file:/var/lib/neo4j/lib/WMI4Java-1.6.1.jar
2022-01-13 15:28:10.320+0000 INFO [o.n.i.d.DiagnosticsManager]  [classpath + loader.0] file:/var/lib/neo4j/lib/neo4j-ssl-3.5.30.jar
2022-01-13 15:28:10.320+0000 INFO [o.n.i.d.DiagnosticsManager]  [classpath + loader.0] file:/var/lib/neo4j/lib/neo4j-graphdb-api-3.5.30.jar
2022-01-13 15:28:10.320+0000 INFO [o.n.i.d.DiagnosticsManager]  [classpath + loader.0] file:/var/lib/neo4j/lib/jackson-jaxrs-json-provider-2.10.5.jar
2022-01-13 15:28:10.320+0000 INFO [o.n.i.d.DiagnosticsManager]  [classpath + loader.0] file:/var/lib/neo4j/lib/neo4j-cypher-frontend-2.3-2.3.12.jar
2022-01-13 15:28:10.320+0000 INFO [o.n.i.d.DiagnosticsManager]  [classpath + loader.0] file:/var/lib/neo4j/lib/neo4j-diagnostics-3.5.30.jar
2022-01-13 15:28:10.321+0000 INFO [o.n.i.d.DiagnosticsManager]  [classpath + loader.0] file:/plugins/
2022-01-13 15:28:10.321+0000 INFO [o.n.i.d.DiagnosticsManager]  [classpath + loader.0] file:/var/lib/neo4j/lib/neo4j-legacy-3.5.30.jar
2022-01-13 15:28:10.321+0000 INFO [o.n.i.d.DiagnosticsManager]  [classpath + loader.0] file:/var/lib/neo4j/lib/lucene-analyzers-common-5.5.5.jar
2022-01-13 15:28:10.321+0000 INFO [o.n.i.d.DiagnosticsManager]  [classpath + loader.0] file:/var/lib/neo4j/lib/neo4j-unsafe-3.5.30.jar
2022-01-13 15:28:10.321+0000 INFO [o.n.i.d.DiagnosticsManager]  [classpath + loader.0] file:/var/lib/neo4j/lib/commons-compress-1.21.jar
2022-01-13 15:28:10.321+0000 INFO [o.n.i.d.DiagnosticsManager]  [classpath + loader.0] file:/var/lib/neo4j/lib/neo4j-concurrent-3.5.30.jar
2022-01-13 15:28:10.321+0000 INFO [o.n.i.d.DiagnosticsManager]  [classpath + loader.0] file:/var/lib/neo4j/lib/zstd-jni-1.3.8-6.jar
2022-01-13 15:28:10.321+0000 INFO [o.n.i.d.DiagnosticsManager]  [classpath + loader.0] file:/var/lib/neo4j/lib/neo4j-cypher-util-3.4-3.4.18.jar
2022-01-13 15:28:10.321+0000 INFO [o.n.i.d.DiagnosticsManager]  [classpath + loader.0] file:/var/lib/neo4j/lib/jakarta.xml.bind-api-2.3.2.jar
2022-01-13 15:28:10.321+0000 INFO [o.n.i.d.DiagnosticsManager]  [classpath + loader.0] file:/var/lib/neo4j/lib/commons-logging-1.1.1.jar
2022-01-13 15:28:10.321+0000 INFO [o.n.i.d.DiagnosticsManager]  [classpath + loader.0] file:/var/lib/neo4j/lib/commons-text-1.4.jar
2022-01-13 15:28:10.321+0000 INFO [o.n.i.d.DiagnosticsManager]  [classpath + loader.0] file:/var/lib/neo4j/lib/jetty-io-9.4.43.v20210629.jar
2022-01-13 15:28:10.322+0000 INFO [o.n.i.d.DiagnosticsManager]  [loader.1] file:/usr/local/openjdk-8/lib/ext/jaccess.jar
2022-01-13 15:28:10.322+0000 INFO [o.n.i.d.DiagnosticsManager]  [classpath + loader.0] file:/var/lib/neo4j/lib/neo4j-graph-matching-3.1.9.jar
2022-01-13 15:28:10.322+0000 INFO [o.n.i.d.DiagnosticsManager]  [classpath + loader.0] file:/var/lib/neo4j/lib/parboiled-core-1.1.7.jar
2022-01-13 15:28:10.322+0000 INFO [o.n.i.d.DiagnosticsManager]  [classpath + loader.0] file:/var/lib/neo4j/lib/jackson-core-2.10.5.jar
2022-01-13 15:28:10.322+0000 INFO [o.n.i.d.DiagnosticsManager] Library path:
2022-01-13 15:28:10.322+0000 INFO [o.n.i.d.DiagnosticsManager] /usr/java/packages/lib/amd64
2022-01-13 15:28:10.322+0000 INFO [o.n.i.d.DiagnosticsManager] /usr/lib64
2022-01-13 15:28:10.323+0000 INFO [o.n.i.d.DiagnosticsManager] /lib64
2022-01-13 15:28:10.323+0000 INFO [o.n.i.d.DiagnosticsManager] /lib
2022-01-13 15:28:10.323+0000 INFO [o.n.i.d.DiagnosticsManager] /usr/lib
2022-01-13 15:28:10.323+0000 INFO [o.n.i.d.DiagnosticsManager] System.properties:
2022-01-13 15:28:10.323+0000 INFO [o.n.i.d.DiagnosticsManager] sun.boot.library.path = /usr/local/openjdk-8/lib/amd64
2022-01-13 15:28:10.324+0000 INFO [o.n.i.d.DiagnosticsManager] jdk.tls.rejectClientInitiatedRenegotiation = true
2022-01-13 15:28:10.324+0000 INFO [o.n.i.d.DiagnosticsManager] path.separator = :
2022-01-13 15:28:10.324+0000 INFO [o.n.i.d.DiagnosticsManager] file.encoding.pkg = sun.io
2022-01-13 15:28:10.324+0000 INFO [o.n.i.d.DiagnosticsManager] sun.java.launcher = SUN_STANDARD
2022-01-13 15:28:10.324+0000 INFO [o.n.i.d.DiagnosticsManager] sun.os.patch.level = unknown
2022-01-13 15:28:10.324+0000 INFO [o.n.i.d.DiagnosticsManager] user.dir = /var/lib/neo4j
2022-01-13 15:28:10.324+0000 INFO [o.n.i.d.DiagnosticsManager] sun.jnu.encoding = UTF-8
2022-01-13 15:28:10.324+0000 INFO [o.n.i.d.DiagnosticsManager] unsupported.dbms.udc.source = docker
2022-01-13 15:28:10.325+0000 INFO [o.n.i.d.DiagnosticsManager] sun.management.compiler = HotSpot 64-Bit Tiered Compilers
2022-01-13 15:28:10.325+0000 INFO [o.n.i.d.DiagnosticsManager] user.home = /var/lib/neo4j
2022-01-13 15:28:10.325+0000 INFO [o.n.i.d.DiagnosticsManager] user.timezone = Etc/UTC
2022-01-13 15:28:10.325+0000 INFO [o.n.i.d.DiagnosticsManager] file.encoding = UTF-8
2022-01-13 15:28:10.325+0000 INFO [o.n.i.d.DiagnosticsManager] user.name = neo4j
2022-01-13 15:28:10.325+0000 INFO [o.n.i.d.DiagnosticsManager] sun.java.command = org.neo4j.server.CommunityEntryPoint --home-dir=/var/lib/neo4j --config-dir=/var/lib/neo4j/conf
2022-01-13 15:28:10.325+0000 INFO [o.n.i.d.DiagnosticsManager] sun.arch.data.model = 64
2022-01-13 15:28:10.325+0000 INFO [o.n.i.d.DiagnosticsManager] user.language = en
2022-01-13 15:28:10.326+0000 INFO [o.n.i.d.DiagnosticsManager] awt.toolkit = sun.awt.X11.XToolkit
2022-01-13 15:28:10.326+0000 INFO [o.n.i.d.DiagnosticsManager] jdk.tls.ephemeralDHKeySize = 2048
2022-01-13 15:28:10.326+0000 INFO [o.n.i.d.DiagnosticsManager] file.separator = /
2022-01-13 15:28:10.326+0000 INFO [o.n.i.d.DiagnosticsManager] sun.io.unicode.encoding = UnicodeLittle
2022-01-13 15:28:10.326+0000 INFO [o.n.i.d.DiagnosticsManager] sun.cpu.endian = little
2022-01-13 15:28:10.326+0000 INFO [o.n.i.d.DiagnosticsManager] sun.cpu.isalist = 
2022-01-13 15:28:10.326+0000 INFO [o.n.i.d.DiagnosticsManager] (IANA) TimeZone Database Version:
2022-01-13 15:28:10.379+0000 INFO [o.n.i.d.DiagnosticsManager]   TimeZone version: 2021a (available for 600 zone identifiers)
2022-01-13 15:28:10.379+0000 INFO [o.n.i.d.DiagnosticsManager] Linux scheduler information:
2022-01-13 15:28:10.381+0000 INFO [o.n.i.d.DiagnosticsManager] [mq-deadline] none
2022-01-13 15:28:10.382+0000 INFO [o.n.i.d.DiagnosticsManager] [mq-deadline] none
2022-01-13 15:28:10.382+0000 INFO [o.n.i.d.DiagnosticsManager] none
2022-01-13 15:28:10.382+0000 INFO [o.n.i.d.DiagnosticsManager] [mq-deadline] none
2022-01-13 15:28:10.382+0000 INFO [o.n.i.d.DiagnosticsManager] [none] mq-deadline 
2022-01-13 15:28:10.383+0000 INFO [o.n.i.d.DiagnosticsManager] [mq-deadline] none
2022-01-13 15:28:10.383+0000 INFO [o.n.i.d.DiagnosticsManager] [mq-deadline] none
2022-01-13 15:28:10.383+0000 INFO [o.n.i.d.DiagnosticsManager] [mq-deadline] none
2022-01-13 15:28:10.383+0000 INFO [o.n.i.d.DiagnosticsManager] [mq-deadline] none
2022-01-13 15:28:10.384+0000 INFO [o.n.i.d.DiagnosticsManager] [mq-deadline] none
2022-01-13 15:28:10.384+0000 INFO [o.n.i.d.DiagnosticsManager] [mq-deadline] none
2022-01-13 15:28:10.384+0000 INFO [o.n.i.d.DiagnosticsManager] [mq-deadline] none
2022-01-13 15:28:10.384+0000 INFO [o.n.i.d.DiagnosticsManager] [mq-deadline] none
2022-01-13 15:28:10.385+0000 INFO [o.n.i.d.DiagnosticsManager] [mq-deadline] none
2022-01-13 15:28:10.385+0000 INFO [o.n.i.d.DiagnosticsManager] [mq-deadline] none
2022-01-13 15:28:10.385+0000 INFO [o.n.i.d.DiagnosticsManager] [mq-deadline] none
2022-01-13 15:28:10.385+0000 INFO [o.n.i.d.DiagnosticsManager] [mq-deadline] none
2022-01-13 15:28:10.385+0000 INFO [o.n.i.d.DiagnosticsManager] [mq-deadline] none
2022-01-13 15:28:10.386+0000 INFO [o.n.i.d.DiagnosticsManager] [mq-deadline] none
2022-01-13 15:28:10.386+0000 INFO [o.n.i.d.DiagnosticsManager] [mq-deadline] none
2022-01-13 15:28:10.386+0000 INFO [o.n.i.d.DiagnosticsManager] [mq-deadline] none
2022-01-13 15:28:10.386+0000 INFO [o.n.i.d.DiagnosticsManager] [mq-deadline] none
2022-01-13 15:28:10.386+0000 INFO [o.n.i.d.DiagnosticsManager] [mq-deadline] none
2022-01-13 15:28:10.387+0000 INFO [o.n.i.d.DiagnosticsManager] [mq-deadline] none
2022-01-13 15:28:10.387+0000 INFO [o.n.i.d.DiagnosticsManager] [mq-deadline] none
2022-01-13 15:28:10.387+0000 INFO [o.n.i.d.DiagnosticsManager] none
2022-01-13 15:28:10.387+0000 INFO [o.n.i.d.DiagnosticsManager] [mq-deadline] none
2022-01-13 15:28:10.387+0000 INFO [o.n.i.d.DiagnosticsManager] [mq-deadline] none
2022-01-13 15:28:10.388+0000 INFO [o.n.i.d.DiagnosticsManager] [mq-deadline] none
2022-01-13 15:28:10.388+0000 INFO [o.n.i.d.DiagnosticsManager] none
2022-01-13 15:28:10.388+0000 INFO [o.n.i.d.DiagnosticsManager] [mq-deadline] none
2022-01-13 15:28:10.388+0000 INFO [o.n.i.d.DiagnosticsManager] [mq-deadline] none
2022-01-13 15:28:10.388+0000 INFO [o.n.i.d.DiagnosticsManager] [mq-deadline] none
2022-01-13 15:28:10.389+0000 INFO [o.n.i.d.DiagnosticsManager] [mq-deadline] none
2022-01-13 15:28:10.389+0000 INFO [o.n.i.d.DiagnosticsManager] [mq-deadline] none
2022-01-13 15:28:10.389+0000 INFO [o.n.i.d.DiagnosticsManager] [mq-deadline] none
2022-01-13 15:28:10.389+0000 INFO [o.n.i.d.DiagnosticsManager] [mq-deadline] none
2022-01-13 15:28:10.389+0000 INFO [o.n.i.d.DiagnosticsManager] [mq-deadline] none
2022-01-13 15:28:10.390+0000 INFO [o.n.i.d.DiagnosticsManager] [mq-deadline] none
2022-01-13 15:28:10.390+0000 INFO [o.n.i.d.DiagnosticsManager] [mq-deadline] none
2022-01-13 15:28:10.390+0000 INFO [o.n.i.d.DiagnosticsManager] [mq-deadline] none
2022-01-13 15:28:10.390+0000 INFO [o.n.i.d.DiagnosticsManager] [mq-deadline] none
2022-01-13 15:28:10.391+0000 INFO [o.n.i.d.DiagnosticsManager] [mq-deadline] none
2022-01-13 15:28:10.391+0000 INFO [o.n.i.d.DiagnosticsManager] [mq-deadline] none
2022-01-13 15:28:10.391+0000 INFO [o.n.i.d.DiagnosticsManager] [mq-deadline] none
2022-01-13 15:28:10.391+0000 INFO [o.n.i.d.DiagnosticsManager] [mq-deadline] none
2022-01-13 15:28:10.391+0000 INFO [o.n.i.d.DiagnosticsManager] [mq-deadline] none
2022-01-13 15:28:10.392+0000 INFO [o.n.i.d.DiagnosticsManager] [mq-deadline] none
2022-01-13 15:28:10.392+0000 INFO [o.n.i.d.DiagnosticsManager] [mq-deadline] none
2022-01-13 15:28:10.392+0000 INFO [o.n.i.d.DiagnosticsManager] [mq-deadline] none
2022-01-13 15:28:10.392+0000 INFO [o.n.i.d.DiagnosticsManager] [mq-deadline] none
2022-01-13 15:28:10.392+0000 INFO [o.n.i.d.DiagnosticsManager] [mq-deadline] none
2022-01-13 15:28:10.393+0000 INFO [o.n.i.d.DiagnosticsManager] [mq-deadline] none
2022-01-13 15:28:10.393+0000 INFO [o.n.i.d.DiagnosticsManager] Network information:
2022-01-13 15:28:10.393+0000 INFO [o.n.i.d.DiagnosticsManager] Interface eth0:
2022-01-13 15:28:10.394+0000 INFO [o.n.i.d.DiagnosticsManager]     address: 172.20.0.2
2022-01-13 15:28:10.394+0000 INFO [o.n.i.d.DiagnosticsManager] Interface lo:
2022-01-13 15:28:10.394+0000 INFO [o.n.i.d.DiagnosticsManager]     address: 127.0.0.1
2022-01-13 15:28:10.394+0000 INFO [o.n.i.d.DiagnosticsManager] --- INITIALIZED diagnostics END ---
2022-01-13 15:28:10.643+0000 INFO [o.n.k.i.s.f.RecordFormatSelector] Selected format 'RecordFormat:StandardV3_4[v0.A.9]' for the new store
2022-01-13 15:28:11.448+0000 INFO [o.n.k.i.i.l.NativeLabelScanStore] No label index found, this might just be first use. Preparing to rebuild.
2022-01-13 15:28:11.493+0000 INFO [o.n.k.NeoStoreDataSource] Rotated to transaction log [/var/lib/neo4j/data/databases/graph.db/neostore.transaction.db.0] version=0, last transaction in previous log=1
2022-01-13 15:28:11.494+0000 INFO [o.n.k.NeoStoreDataSource] No commits found after last check point (which is at <no log position given>)
2022-01-13 15:28:11.503+0000 WARN [o.n.k.i.s.MetaDataStore] Missing counts store, rebuilding it.
2022-01-13 15:28:11.507+0000 WARN [o.n.k.i.s.MetaDataStore] Counts store rebuild completed.
2022-01-13 15:28:11.535+0000 INFO [o.n.k.i.i.l.NativeLabelScanStore] Rebuilding label index, this may take a while
2022-01-13 15:28:11.548+0000 INFO [o.n.k.i.i.l.NativeLabelScanStore] Label index rebuilt (roughly 0 nodes)
2022-01-13 15:28:11.554+0000 INFO [o.n.i.d.DiagnosticsManager] --- STARTED diagnostics for KernelDiagnostics:Versions START ---
2022-01-13 15:28:11.555+0000 INFO [o.n.i.d.DiagnosticsManager] Graph Database: community single StoreId{creationTime=1642087690912, randomId=5120529716625765544, storeVersion=16094931155187206, upgradeTime=1642087690912, upgradeId=1}
2022-01-13 15:28:11.555+0000 INFO [o.n.i.d.DiagnosticsManager] Kernel version: 3.5.30,198d21d5ae752c3ce8517654d03025cb16ce3c61
2022-01-13 15:28:11.555+0000 INFO [o.n.i.d.DiagnosticsManager] --- STARTED diagnostics for KernelDiagnostics:Versions END ---
2022-01-13 15:28:11.558+0000 INFO [o.n.i.d.DiagnosticsManager] --- STARTED diagnostics for NEO_STORE_VERSIONS START ---
2022-01-13 15:28:11.558+0000 INFO [o.n.i.d.DiagnosticsManager] Store versions:
2022-01-13 15:28:11.559+0000 INFO [o.n.i.d.DiagnosticsManager]   ArrayPropertyStore[neostore.nodestore.db.labels] v0.A.9
2022-01-13 15:28:11.560+0000 INFO [o.n.i.d.DiagnosticsManager]   NodeStore[neostore.nodestore.db] v0.A.9
2022-01-13 15:28:11.560+0000 INFO [o.n.i.d.DiagnosticsManager]   StringPropertyStore[neostore.propertystore.db.index.keys] v0.A.9
2022-01-13 15:28:11.560+0000 INFO [o.n.i.d.DiagnosticsManager]   PropertyIndexStore[neostore.propertystore.db.index] v0.A.9
2022-01-13 15:28:11.560+0000 INFO [o.n.i.d.DiagnosticsManager]   StringPropertyStore[neostore.propertystore.db.strings] v0.A.9
2022-01-13 15:28:11.560+0000 INFO [o.n.i.d.DiagnosticsManager]   ArrayPropertyStore[neostore.propertystore.db.arrays] v0.A.9
2022-01-13 15:28:11.560+0000 INFO [o.n.i.d.DiagnosticsManager]   PropertyStore[neostore.propertystore.db] v0.A.9
2022-01-13 15:28:11.561+0000 INFO [o.n.i.d.DiagnosticsManager]   RelationshipStore[neostore.relationshipstore.db] v0.A.9
2022-01-13 15:28:11.561+0000 INFO [o.n.i.d.DiagnosticsManager]   StringPropertyStore[neostore.relationshiptypestore.db.names] v0.A.9
2022-01-13 15:28:11.561+0000 INFO [o.n.i.d.DiagnosticsManager]   RelationshipTypeStore[neostore.relationshiptypestore.db] v0.A.9
2022-01-13 15:28:11.561+0000 INFO [o.n.i.d.DiagnosticsManager]   StringPropertyStore[neostore.labeltokenstore.db.names] v0.A.9
2022-01-13 15:28:11.561+0000 INFO [o.n.i.d.DiagnosticsManager]   LabelTokenStore[neostore.labeltokenstore.db] v0.A.9
2022-01-13 15:28:11.561+0000 INFO [o.n.i.d.DiagnosticsManager]   SchemaStore[neostore.schemastore.db] v0.A.9
2022-01-13 15:28:11.561+0000 INFO [o.n.i.d.DiagnosticsManager]   RelationshipGroupStore[neostore.relationshipgroupstore.db] v0.A.9
2022-01-13 15:28:11.562+0000 INFO [o.n.i.d.DiagnosticsManager]   NeoStore[neostore] v0.A.9
2022-01-13 15:28:11.562+0000 INFO [o.n.i.d.DiagnosticsManager] --- STARTED diagnostics for NEO_STORE_VERSIONS END ---
2022-01-13 15:28:11.562+0000 INFO [o.n.i.d.DiagnosticsManager] --- STARTED diagnostics for NEO_STORE_ID_USAGE START ---
2022-01-13 15:28:11.562+0000 INFO [o.n.i.d.DiagnosticsManager] Id usage:
2022-01-13 15:28:11.563+0000 INFO [o.n.i.d.DiagnosticsManager]   ArrayPropertyStore[neostore.nodestore.db.labels]: used=1 high=0
2022-01-13 15:28:11.563+0000 INFO [o.n.i.d.DiagnosticsManager]   NodeStore[neostore.nodestore.db]: used=0 high=-1
2022-01-13 15:28:11.563+0000 INFO [o.n.i.d.DiagnosticsManager]   StringPropertyStore[neostore.propertystore.db.index.keys]: used=1 high=0
2022-01-13 15:28:11.563+0000 INFO [o.n.i.d.DiagnosticsManager]   PropertyIndexStore[neostore.propertystore.db.index]: used=0 high=-1
2022-01-13 15:28:11.563+0000 INFO [o.n.i.d.DiagnosticsManager]   StringPropertyStore[neostore.propertystore.db.strings]: used=1 high=0
2022-01-13 15:28:11.564+0000 INFO [o.n.i.d.DiagnosticsManager]   ArrayPropertyStore[neostore.propertystore.db.arrays]: used=1 high=0
2022-01-13 15:28:11.564+0000 INFO [o.n.i.d.DiagnosticsManager]   PropertyStore[neostore.propertystore.db]: used=0 high=-1
2022-01-13 15:28:11.564+0000 INFO [o.n.i.d.DiagnosticsManager]   RelationshipStore[neostore.relationshipstore.db]: used=0 high=-1
2022-01-13 15:28:11.564+0000 INFO [o.n.i.d.DiagnosticsManager]   StringPropertyStore[neostore.relationshiptypestore.db.names]: used=1 high=0
2022-01-13 15:28:11.564+0000 INFO [o.n.i.d.DiagnosticsManager]   RelationshipTypeStore[neostore.relationshiptypestore.db]: used=0 high=-1
2022-01-13 15:28:11.564+0000 INFO [o.n.i.d.DiagnosticsManager]   StringPropertyStore[neostore.labeltokenstore.db.names]: used=1 high=0
2022-01-13 15:28:11.565+0000 INFO [o.n.i.d.DiagnosticsManager]   LabelTokenStore[neostore.labeltokenstore.db]: used=0 high=-1
2022-01-13 15:28:11.565+0000 INFO [o.n.i.d.DiagnosticsManager]   SchemaStore[neostore.schemastore.db]: used=1 high=0
2022-01-13 15:28:11.565+0000 INFO [o.n.i.d.DiagnosticsManager]   RelationshipGroupStore[neostore.relationshipgroupstore.db]: used=1 high=0
2022-01-13 15:28:11.565+0000 INFO [o.n.i.d.DiagnosticsManager]   NeoStore[neostore]: used=15 high=14
2022-01-13 15:28:11.565+0000 INFO [o.n.i.d.DiagnosticsManager] --- STARTED diagnostics for NEO_STORE_ID_USAGE END ---
2022-01-13 15:28:11.566+0000 INFO [o.n.i.d.DiagnosticsManager] --- STARTED diagnostics for NEO_STORE_RECORDS START ---
2022-01-13 15:28:11.566+0000 INFO [o.n.i.d.DiagnosticsManager] Neostore records:
2022-01-13 15:28:11.567+0000 INFO [o.n.i.d.DiagnosticsManager] TIME (Creation time): 1642087690912
2022-01-13 15:28:11.567+0000 INFO [o.n.i.d.DiagnosticsManager] RANDOM_NUMBER (Random number for store id): 5120529716625765544
2022-01-13 15:28:11.567+0000 INFO [o.n.i.d.DiagnosticsManager] LOG_VERSION (Current log version): 0
2022-01-13 15:28:11.567+0000 INFO [o.n.i.d.DiagnosticsManager] LAST_TRANSACTION_ID (Last committed transaction): 1
2022-01-13 15:28:11.567+0000 INFO [o.n.i.d.DiagnosticsManager] STORE_VERSION (Store format version): 16094931155187206
2022-01-13 15:28:11.568+0000 INFO [o.n.i.d.DiagnosticsManager] FIRST_GRAPH_PROPERTY (First property record containing graph properties): -1
2022-01-13 15:28:11.568+0000 INFO [o.n.i.d.DiagnosticsManager] LAST_CONSTRAINT_TRANSACTION (Last committed transaction containing constraint changes): 0
2022-01-13 15:28:11.568+0000 INFO [o.n.i.d.DiagnosticsManager] UPGRADE_TRANSACTION_ID (Transaction id most recent upgrade was performed at): 1
2022-01-13 15:28:11.568+0000 INFO [o.n.i.d.DiagnosticsManager] UPGRADE_TIME (Time of last upgrade): 1642087690912
2022-01-13 15:28:11.569+0000 INFO [o.n.i.d.DiagnosticsManager] LAST_TRANSACTION_CHECKSUM (Checksum of last committed transaction): 0
2022-01-13 15:28:11.569+0000 INFO [o.n.i.d.DiagnosticsManager] UPGRADE_TRANSACTION_CHECKSUM (Checksum of transaction id the most recent upgrade was performed at): 0
2022-01-13 15:28:11.569+0000 INFO [o.n.i.d.DiagnosticsManager] LAST_CLOSED_TRANSACTION_LOG_VERSION (Log version where the last transaction commit entry has been written into): 0
2022-01-13 15:28:11.569+0000 INFO [o.n.i.d.DiagnosticsManager] LAST_CLOSED_TRANSACTION_LOG_BYTE_OFFSET (Byte offset in the log file where the last transaction commit entry has been written into): 16
2022-01-13 15:28:11.569+0000 INFO [o.n.i.d.DiagnosticsManager] LAST_TRANSACTION_COMMIT_TIMESTAMP (Commit time timestamp for last committed transaction): 0
2022-01-13 15:28:11.569+0000 INFO [o.n.i.d.DiagnosticsManager] UPGRADE_TRANSACTION_COMMIT_TIMESTAMP (Commit timestamp of transaction the most recent upgrade was performed at): 0
2022-01-13 15:28:11.570+0000 INFO [o.n.i.d.DiagnosticsManager] --- STARTED diagnostics for NEO_STORE_RECORDS END ---
2022-01-13 15:28:11.571+0000 INFO [o.n.i.d.DiagnosticsManager] --- STARTED diagnostics for TRANSACTION_RANGE START ---
2022-01-13 15:28:11.572+0000 INFO [o.n.i.d.DiagnosticsManager] Transaction log:
2022-01-13 15:28:11.572+0000 INFO [o.n.i.d.DiagnosticsManager] No transactions found in any log
2022-01-13 15:28:11.573+0000 INFO [o.n.i.d.DiagnosticsManager] --- STARTED diagnostics for TRANSACTION_RANGE END ---
2022-01-13 15:28:11.579+0000 INFO [o.n.i.d.DiagnosticsManager] --- STARTED diagnostics for KernelDiagnostics:StoreFiles START ---
2022-01-13 15:28:11.580+0000 INFO [o.n.i.d.DiagnosticsManager] Disk space on partition (Total / Free / Free %): 488790433792 / 247160446976 / 50
2022-01-13 15:28:11.580+0000 INFO [o.n.i.d.DiagnosticsManager] Storage files: (filename : modification date - size)
2022-01-13 15:28:11.584+0000 INFO [o.n.i.d.DiagnosticsManager]   index:
2022-01-13 15:28:11.586+0000 INFO [o.n.i.d.DiagnosticsManager]   - Total: 2022-01-13T15:28:11+0000 - 0.00 B
2022-01-13 15:28:11.586+0000 INFO [o.n.i.d.DiagnosticsManager]   neostore: 2022-01-13T15:28:10+0000 - 8.00 kB
2022-01-13 15:28:11.587+0000 INFO [o.n.i.d.DiagnosticsManager]   neostore.counts.db.a: 2022-01-13T15:28:11+0000 - 96.00 B
2022-01-13 15:28:11.587+0000 INFO [o.n.i.d.DiagnosticsManager]   neostore.id: 2022-01-13T15:28:10+0000 - 9.00 B
2022-01-13 15:28:11.587+0000 INFO [o.n.i.d.DiagnosticsManager]   neostore.labelscanstore.db: 2022-01-13T15:28:11+0000 - 40.00 kB
2022-01-13 15:28:11.587+0000 INFO [o.n.i.d.DiagnosticsManager]   neostore.labeltokenstore.db: 2022-01-13T15:28:10+0000 - 0.00 B
2022-01-13 15:28:11.588+0000 INFO [o.n.i.d.DiagnosticsManager]   neostore.labeltokenstore.db.id: 2022-01-13T15:28:10+0000 - 9.00 B
2022-01-13 15:28:11.588+0000 INFO [o.n.i.d.DiagnosticsManager]   neostore.labeltokenstore.db.names: 2022-01-13T15:28:10+0000 - 8.00 kB
2022-01-13 15:28:11.588+0000 INFO [o.n.i.d.DiagnosticsManager]   neostore.labeltokenstore.db.names.id: 2022-01-13T15:28:10+0000 - 9.00 B
2022-01-13 15:28:11.589+0000 INFO [o.n.i.d.DiagnosticsManager]   neostore.nodestore.db: 2022-01-13T15:28:10+0000 - 0.00 B
2022-01-13 15:28:11.589+0000 INFO [o.n.i.d.DiagnosticsManager]   neostore.nodestore.db.id: 2022-01-13T15:28:10+0000 - 9.00 B
2022-01-13 15:28:11.589+0000 INFO [o.n.i.d.DiagnosticsManager]   neostore.nodestore.db.labels: 2022-01-13T15:28:10+0000 - 8.00 kB
2022-01-13 15:28:11.589+0000 INFO [o.n.i.d.DiagnosticsManager]   neostore.nodestore.db.labels.id: 2022-01-13T15:28:10+0000 - 9.00 B
2022-01-13 15:28:11.590+0000 INFO [o.n.i.d.DiagnosticsManager]   neostore.propertystore.db: 2022-01-13T15:28:10+0000 - 0.00 B
2022-01-13 15:28:11.590+0000 INFO [o.n.i.d.DiagnosticsManager]   neostore.propertystore.db.arrays: 2022-01-13T15:28:10+0000 - 8.00 kB
2022-01-13 15:28:11.590+0000 INFO [o.n.i.d.DiagnosticsManager]   neostore.propertystore.db.arrays.id: 2022-01-13T15:28:10+0000 - 9.00 B
2022-01-13 15:28:11.590+0000 INFO [o.n.i.d.DiagnosticsManager]   neostore.propertystore.db.id: 2022-01-13T15:28:10+0000 - 9.00 B
2022-01-13 15:28:11.591+0000 INFO [o.n.i.d.DiagnosticsManager]   neostore.propertystore.db.index: 2022-01-13T15:28:10+0000 - 0.00 B
2022-01-13 15:28:11.591+0000 INFO [o.n.i.d.DiagnosticsManager]   neostore.propertystore.db.index.id: 2022-01-13T15:28:10+0000 - 9.00 B
2022-01-13 15:28:11.592+0000 INFO [o.n.i.d.DiagnosticsManager]   neostore.propertystore.db.index.keys: 2022-01-13T15:28:10+0000 - 8.00 kB
2022-01-13 15:28:11.592+0000 INFO [o.n.i.d.DiagnosticsManager]   neostore.propertystore.db.index.keys.id: 2022-01-13T15:28:10+0000 - 9.00 B
2022-01-13 15:28:11.592+0000 INFO [o.n.i.d.DiagnosticsManager]   neostore.propertystore.db.strings: 2022-01-13T15:28:10+0000 - 8.00 kB
2022-01-13 15:28:11.593+0000 INFO [o.n.i.d.DiagnosticsManager]   neostore.propertystore.db.strings.id: 2022-01-13T15:28:10+0000 - 9.00 B
2022-01-13 15:28:11.593+0000 INFO [o.n.i.d.DiagnosticsManager]   neostore.relationshipgroupstore.db: 2022-01-13T15:28:10+0000 - 8.00 kB
2022-01-13 15:28:11.593+0000 INFO [o.n.i.d.DiagnosticsManager]   neostore.relationshipgroupstore.db.id: 2022-01-13T15:28:10+0000 - 9.00 B
2022-01-13 15:28:11.593+0000 INFO [o.n.i.d.DiagnosticsManager]   neostore.relationshipstore.db: 2022-01-13T15:28:10+0000 - 0.00 B
2022-01-13 15:28:11.594+0000 INFO [o.n.i.d.DiagnosticsManager]   neostore.relationshipstore.db.id: 2022-01-13T15:28:10+0000 - 9.00 B
2022-01-13 15:28:11.594+0000 INFO [o.n.i.d.DiagnosticsManager]   neostore.relationshiptypestore.db: 2022-01-13T15:28:10+0000 - 0.00 B
2022-01-13 15:28:11.595+0000 INFO [o.n.i.d.DiagnosticsManager]   neostore.relationshiptypestore.db.id: 2022-01-13T15:28:10+0000 - 9.00 B
2022-01-13 15:28:11.595+0000 INFO [o.n.i.d.DiagnosticsManager]   neostore.relationshiptypestore.db.names: 2022-01-13T15:28:10+0000 - 8.00 kB
2022-01-13 15:28:11.595+0000 INFO [o.n.i.d.DiagnosticsManager]   neostore.relationshiptypestore.db.names.id: 2022-01-13T15:28:10+0000 - 9.00 B
2022-01-13 15:28:11.596+0000 INFO [o.n.i.d.DiagnosticsManager]   neostore.schemastore.db: 2022-01-13T15:28:10+0000 - 8.00 kB
2022-01-13 15:28:11.596+0000 INFO [o.n.i.d.DiagnosticsManager]   neostore.schemastore.db.id: 2022-01-13T15:28:10+0000 - 9.00 B
2022-01-13 15:28:11.596+0000 INFO [o.n.i.d.DiagnosticsManager]   neostore.transaction.db.0: 2022-01-13T15:28:11+0000 - 16.00 B
2022-01-13 15:28:11.596+0000 INFO [o.n.i.d.DiagnosticsManager] Storage summary: 
2022-01-13 15:28:11.597+0000 INFO [o.n.i.d.DiagnosticsManager]   Total size of store: 112.24 kB
2022-01-13 15:28:11.597+0000 INFO [o.n.i.d.DiagnosticsManager]   Total size of mapped files: 112.00 kB
2022-01-13 15:28:11.597+0000 INFO [o.n.i.d.DiagnosticsManager] --- STARTED diagnostics for KernelDiagnostics:StoreFiles END ---
2022-01-13 15:28:11.597+0000 INFO [o.n.k.a.DatabaseAvailabilityGuard] Fulfilling of requirement 'Database available' makes database graph.db available.
2022-01-13 15:28:11.598+0000 INFO [o.n.k.a.DatabaseAvailabilityGuard] Database graph.db is ready.
2022-01-13 15:28:11.598+0000 INFO [o.n.k.i.DatabaseHealth] Database health set to OK
2022-01-13 15:28:12.024+0000 INFO [o.n.b.BoltServer] Bolt server loaded
2022-01-13 15:28:12.306+0000 INFO [o.n.b.BoltServer] Bolt enabled on 0.0.0.0:7687.
2022-01-13 15:28:15.337+0000 INFO [o.n.i.d.DiagnosticsManager] --- SERVER STARTED START ---
2022-01-13 15:28:17.918+0000 INFO [o.n.i.d.DiagnosticsManager] --- SERVER STARTED END ---
2022-01-13 16:40:19.564+0000 INFO [o.n.k.a.DatabaseAvailabilityGuard] Database graph.db is unavailable.
2022-01-13 16:40:19.625+0000 INFO [o.n.g.f.GraphDatabaseFacadeFactory] Shutdown started
2022-01-13 16:40:19.690+0000 INFO [o.n.g.f.GraphDatabaseFacadeFactory] Shutting down 'graph.db' database.
2022-01-13 16:40:19.690+0000 INFO [o.n.g.f.GraphDatabaseFacadeFactory] Shutdown started
2022-01-13 16:40:19.722+0000 INFO [o.n.k.i.t.l.c.CheckPointerImpl] Checkpoint triggered by "Database shutdown" @ txId: 1 checkpoint started...
2022-01-13 16:40:19.808+0000 INFO [o.n.k.i.t.l.c.CheckPointerImpl] Checkpoint triggered by "Database shutdown" @ txId: 1 checkpoint completed in 60ms
2022-01-13 16:40:19.810+0000 INFO [o.n.k.i.t.l.p.LogPruningImpl] No log version pruned, last checkpoint was made in version 0
2022-01-13 16:40:19.873+0000 INFO [o.n.i.d.DiagnosticsManager] --- STOPPING diagnostics START ---
2022-01-13 16:40:19.873+0000 INFO [o.n.i.d.DiagnosticsManager] --- STOPPING diagnostics END ---
2022-01-13 16:42:49.026+0000 INFO [o.n.g.f.m.e.CommunityEditionModule] No locking implementation specified, defaulting to 'community'
2022-01-13 16:42:49.214+0000 INFO [o.n.g.f.GraphDatabaseFacadeFactory] Creating 'graph.db' database.
2022-01-13 16:42:49.261+0000 INFO [o.n.k.a.DatabaseAvailabilityGuard] Requirement `Database available` makes database graph.db unavailable.
2022-01-13 16:42:49.261+0000 INFO [o.n.k.a.DatabaseAvailabilityGuard] Database graph.db is unavailable.
2022-01-13 16:42:49.282+0000 INFO [o.n.i.d.DiagnosticsManager] --- INITIALIZED diagnostics START ---
2022-01-13 16:42:49.283+0000 INFO [o.n.i.d.DiagnosticsManager] Neo4j Kernel properties:
2022-01-13 16:42:49.283+0000 INFO [o.n.i.d.DiagnosticsManager] dbms.connector.http.enabled=true
2022-01-13 16:42:49.283+0000 INFO [o.n.i.d.DiagnosticsManager] dbms.security.auth_enabled=true
2022-01-13 16:42:49.283+0000 INFO [o.n.i.d.DiagnosticsManager] dbms.windows_service_name=neo4j
2022-01-13 16:42:49.284+0000 INFO [o.n.i.d.DiagnosticsManager] dbms.connector.http.listen_address=0.0.0.0:7474
2022-01-13 16:42:49.284+0000 INFO [o.n.i.d.DiagnosticsManager] dbms.connector.https.listen_address=0.0.0.0:7473
2022-01-13 16:42:49.284+0000 INFO [o.n.i.d.DiagnosticsManager] unsupported.dbms.directories.neo4j_home=/var/lib/neo4j
2022-01-13 16:42:49.284+0000 INFO [o.n.i.d.DiagnosticsManager] dbms.connector.bolt.listen_address=0.0.0.0:7687
2022-01-13 16:42:49.284+0000 INFO [o.n.i.d.DiagnosticsManager] dbms.directories.import=/import
2022-01-13 16:42:49.284+0000 INFO [o.n.i.d.DiagnosticsManager] dbms.memory.pagecache.size=1G
2022-01-13 16:42:49.284+0000 INFO [o.n.i.d.DiagnosticsManager] unsupported.dbms.edition=community
2022-01-13 16:42:49.284+0000 INFO [o.n.i.d.DiagnosticsManager] dbms.directories.logs=/logs
2022-01-13 16:42:49.285+0000 INFO [o.n.i.d.DiagnosticsManager] dbms.connector.bolt.enabled=true
2022-01-13 16:42:49.285+0000 INFO [o.n.i.d.DiagnosticsManager] dbms.connector.https.enabled=true
2022-01-13 16:42:49.285+0000 INFO [o.n.i.d.DiagnosticsManager] dbms.jvm.additional=-XX:+UseG1GC
2022-01-13 16:42:49.285+0000 INFO [o.n.i.d.DiagnosticsManager] wrapper.java.additional=-Dneo4j.ext.udc.source=docker
2022-01-13 16:42:49.285+0000 INFO [o.n.i.d.DiagnosticsManager] dbms.directories.plugins=/plugins
2022-01-13 16:42:49.285+0000 INFO [o.n.i.d.DiagnosticsManager] dbms.tx_log.rotation.retention_policy=1 days
2022-01-13 16:42:49.286+0000 INFO [o.n.i.d.DiagnosticsManager] dbms.connectors.default_listen_address=0.0.0.0
2022-01-13 16:42:49.287+0000 INFO [o.n.i.d.DiagnosticsManager] dbms.memory.heap.max_size=1G
2022-01-13 16:42:49.287+0000 INFO [o.n.i.d.DiagnosticsManager] Diagnostics providers:
2022-01-13 16:42:49.287+0000 INFO [o.n.i.d.DiagnosticsManager] org.neo4j.kernel.configuration.Config
2022-01-13 16:42:49.287+0000 INFO [o.n.i.d.DiagnosticsManager] org.neo4j.internal.diagnostics.DiagnosticsManager
2022-01-13 16:42:49.287+0000 INFO [o.n.i.d.DiagnosticsManager] SYSTEM_MEMORY
2022-01-13 16:42:49.287+0000 INFO [o.n.i.d.DiagnosticsManager] JAVA_MEMORY
2022-01-13 16:42:49.287+0000 INFO [o.n.i.d.DiagnosticsManager] OPERATING_SYSTEM
2022-01-13 16:42:49.287+0000 INFO [o.n.i.d.DiagnosticsManager] JAVA_VIRTUAL_MACHINE
2022-01-13 16:42:49.287+0000 INFO [o.n.i.d.DiagnosticsManager] CLASSPATH
2022-01-13 16:42:49.287+0000 INFO [o.n.i.d.DiagnosticsManager] LIBRARY_PATH
2022-01-13 16:42:49.287+0000 INFO [o.n.i.d.DiagnosticsManager] SYSTEM_PROPERTIES
2022-01-13 16:42:49.287+0000 INFO [o.n.i.d.DiagnosticsManager] TIMEZONE_DATABASE
2022-01-13 16:42:49.287+0000 INFO [o.n.i.d.DiagnosticsManager] LINUX_SCHEDULERS
2022-01-13 16:42:49.288+0000 INFO [o.n.i.d.DiagnosticsManager] NETWORK
2022-01-13 16:42:49.288+0000 INFO [o.n.i.d.DiagnosticsManager] System memory information:
2022-01-13 16:42:49.308+0000 INFO [o.n.i.d.DiagnosticsManager] Total Physical memory: 15.13 GB
2022-01-13 16:42:49.309+0000 INFO [o.n.i.d.DiagnosticsManager] Free Physical memory: 12.75 GB
2022-01-13 16:42:49.309+0000 INFO [o.n.i.d.DiagnosticsManager] Committed virtual memory: 5.71 GB
2022-01-13 16:42:49.311+0000 INFO [o.n.i.d.DiagnosticsManager] Total swap space: 32.95 GB
2022-01-13 16:42:49.312+0000 INFO [o.n.i.d.DiagnosticsManager] Free swap space: 32.95 GB
2022-01-13 16:42:49.312+0000 INFO [o.n.i.d.DiagnosticsManager] JVM memory information:
2022-01-13 16:42:49.312+0000 INFO [o.n.i.d.DiagnosticsManager] Free  memory: 217.40 MB
2022-01-13 16:42:49.312+0000 INFO [o.n.i.d.DiagnosticsManager] Total memory: 244.00 MB
2022-01-13 16:42:49.312+0000 INFO [o.n.i.d.DiagnosticsManager] Max   memory: 1.00 GB
2022-01-13 16:42:49.315+0000 INFO [o.n.i.d.DiagnosticsManager] Garbage Collector: G1 Young Generation: [G1 Eden Space, G1 Survivor Space, G1 Old Gen]
2022-01-13 16:42:49.316+0000 INFO [o.n.i.d.DiagnosticsManager] Garbage Collector: G1 Old Generation: [G1 Eden Space, G1 Survivor Space, G1 Old Gen]
2022-01-13 16:42:49.316+0000 INFO [o.n.i.d.DiagnosticsManager] Memory Pool: Code Cache (Non-heap memory): committed=8.75 MB, used=8.73 MB, max=240.00 MB, threshold=0.00 B
2022-01-13 16:42:49.317+0000 INFO [o.n.i.d.DiagnosticsManager] Memory Pool: Metaspace (Non-heap memory): committed=21.67 MB, used=20.59 MB, max=-1.00 B, threshold=0.00 B
2022-01-13 16:42:49.317+0000 INFO [o.n.i.d.DiagnosticsManager] Memory Pool: Compressed Class Space (Non-heap memory): committed=2.75 MB, used=2.45 MB, max=1.00 GB, threshold=0.00 B
2022-01-13 16:42:49.317+0000 INFO [o.n.i.d.DiagnosticsManager] Memory Pool: G1 Eden Space (Heap memory): committed=141.00 MB, used=7.00 MB, max=-1.00 B, threshold=?
2022-01-13 16:42:49.317+0000 INFO [o.n.i.d.DiagnosticsManager] Memory Pool: G1 Survivor Space (Heap memory): committed=13.00 MB, used=13.00 MB, max=-1.00 B, threshold=?
2022-01-13 16:42:49.317+0000 INFO [o.n.i.d.DiagnosticsManager] Memory Pool: G1 Old Gen (Heap memory): committed=90.00 MB, used=5.60 MB, max=1.00 GB, threshold=0.00 B
2022-01-13 16:42:49.317+0000 INFO [o.n.i.d.DiagnosticsManager] Operating system information:
2022-01-13 16:42:49.318+0000 INFO [o.n.i.d.DiagnosticsManager] Operating System: Linux; version: 5.8.0-48-generic; arch: amd64; cpus: 16
2022-01-13 16:42:49.318+0000 INFO [o.n.i.d.DiagnosticsManager] Max number of file descriptors: 1048576
2022-01-13 16:42:49.318+0000 INFO [o.n.i.d.DiagnosticsManager] Number of open file descriptors: 139
2022-01-13 16:42:49.319+0000 INFO [o.n.i.d.DiagnosticsManager] Process id: 7@211269ea447f
2022-01-13 16:42:49.319+0000 INFO [o.n.i.d.DiagnosticsManager] Byte order: LITTLE_ENDIAN
2022-01-13 16:42:49.321+0000 INFO [o.n.i.d.DiagnosticsManager] Local timezone: Etc/UTC
2022-01-13 16:42:49.322+0000 INFO [o.n.i.d.DiagnosticsManager] JVM information:
2022-01-13 16:42:49.322+0000 INFO [o.n.i.d.DiagnosticsManager] VM Name: OpenJDK 64-Bit Server VM
2022-01-13 16:42:49.322+0000 INFO [o.n.i.d.DiagnosticsManager] VM Vendor: Oracle Corporation
2022-01-13 16:42:49.322+0000 INFO [o.n.i.d.DiagnosticsManager] VM Version: 25.312-b07
2022-01-13 16:42:49.322+0000 INFO [o.n.i.d.DiagnosticsManager] JIT compiler: HotSpot 64-Bit Tiered Compilers
2022-01-13 16:42:49.323+0000 INFO [o.n.i.d.DiagnosticsManager] VM Arguments: [-Xmx1G, -XX:+UseG1GC, -XX:-OmitStackTraceInFastThrow, -XX:+AlwaysPreTouch, -XX:+UnlockExperimentalVMOptions, -XX:+TrustFinalNonStaticFields, -XX:+DisableExplicitGC, -Djdk.tls.ephemeralDHKeySize=2048, -Djdk.tls.rejectClientInitiatedRenegotiation=true, -Dunsupported.dbms.udc.source=docker, -Dfile.encoding=UTF-8]
2022-01-13 16:42:49.323+0000 INFO [o.n.i.d.DiagnosticsManager] Java classpath:
2022-01-13 16:42:49.324+0000 INFO [o.n.i.d.DiagnosticsManager]  [classpath + loader.0] file:/var/lib/neo4j/lib/neo4j-cypher-expression-3.4-3.4.18.jar
2022-01-13 16:42:49.324+0000 INFO [o.n.i.d.DiagnosticsManager]  [classpath + loader.0] file:/var/lib/neo4j/lib/neo4j-dbms-3.5.30.jar
2022-01-13 16:42:49.324+0000 INFO [o.n.i.d.DiagnosticsManager]  [classpath + loader.0] file:/var/lib/neo4j/lib/neo4j-graph-algo-3.5.30.jar
2022-01-13 16:42:49.324+0000 INFO [o.n.i.d.DiagnosticsManager]  [classpath + loader.0] file:/var/lib/neo4j/lib/neo4j-fulltext-index-3.5.30.jar
2022-01-13 16:42:49.325+0000 INFO [o.n.i.d.DiagnosticsManager]  [classpath + loader.0] file:/var/lib/neo4j/lib/neo4j-cypher-logical-plans-3.4-3.4.18.jar
2022-01-13 16:42:49.325+0000 INFO [o.n.i.d.DiagnosticsManager]  [classpath + loader.0] file:/var/lib/neo4j/lib/openCypher-frontend-1-3.4.18.jar
2022-01-13 16:42:49.325+0000 INFO [o.n.i.d.DiagnosticsManager]  [classpath + loader.0] file:/var/lib/neo4j/lib/neo4j-parser-3.5-3.5.30.jar
2022-01-13 16:42:49.325+0000 INFO [o.n.i.d.DiagnosticsManager]  [loader.1] file:/usr/local/openjdk-8/lib/ext/zipfs.jar
2022-01-13 16:42:49.325+0000 INFO [o.n.i.d.DiagnosticsManager]  [classpath + loader.0] file:/var/lib/neo4j/lib/concurrentlinkedhashmap-lru-1.4.2.jar
2022-01-13 16:42:49.325+0000 INFO [o.n.i.d.DiagnosticsManager]  [classpath + loader.0] file:/var/lib/neo4j/lib/jPowerShell-1.9.jar
2022-01-13 16:42:49.325+0000 INFO [o.n.i.d.DiagnosticsManager]  [classpath + loader.0] file:/var/lib/neo4j/lib/jackson-databind-2.10.5.1.jar
2022-01-13 16:42:49.325+0000 INFO [o.n.i.d.DiagnosticsManager]  [classpath + loader.0] file:/var/lib/neo4j/lib/neo4j-codegen-3.5.30.jar
2022-01-13 16:42:49.325+0000 INFO [o.n.i.d.DiagnosticsManager]  [classpath + loader.0] file:/var/lib/neo4j/lib/jsr311-api-1.1.1.jar
2022-01-13 16:42:49.325+0000 INFO [o.n.i.d.DiagnosticsManager]  [classpath + loader.0] file:/var/lib/neo4j/lib/neo4j-cypher-ir-3.5-3.5.30.jar
2022-01-13 16:42:49.325+0000 INFO [o.n.i.d.DiagnosticsManager]  [loader.1] file:/usr/local/openjdk-8/lib/ext/sunec.jar
2022-01-13 16:42:49.325+0000 INFO [o.n.i.d.DiagnosticsManager]  [classpath + loader.0] file:/var/lib/neo4j/lib/neo4j-cypher-ir-3.4-3.4.18.jar
2022-01-13 16:42:49.325+0000 INFO [o.n.i.d.DiagnosticsManager]  [classpath + loader.0] file:/plugins/*
2022-01-13 16:42:49.325+0000 INFO [o.n.i.d.DiagnosticsManager]  [classpath + loader.0] file:/var/lib/neo4j/lib/jakarta.activation-api-1.2.1.jar
2022-01-13 16:42:49.325+0000 INFO [o.n.i.d.DiagnosticsManager]  [loader.1] file:/usr/local/openjdk-8/lib/ext/sunjce_provider.jar
2022-01-13 16:42:49.325+0000 INFO [o.n.i.d.DiagnosticsManager]  [classpath + loader.0] file:/var/lib/neo4j/lib/zstd-proxy-3.5.30.jar
2022-01-13 16:42:49.325+0000 INFO [o.n.i.d.DiagnosticsManager]  [classpath + loader.0] file:/var/lib/neo4j/lib/server-api-3.5.30.jar
2022-01-13 16:42:49.325+0000 INFO [o.n.i.d.DiagnosticsManager]  [classpath + loader.0] file:/var/lib/neo4j/lib/jersey-server-1.19.3.jar
2022-01-13 16:42:49.325+0000 INFO [o.n.i.d.DiagnosticsManager]  [classpath + loader.0] file:/var/lib/neo4j/lib/neo4j-push-to-cloud-3.5.30.jar
2022-01-13 16:42:49.325+0000 INFO [o.n.i.d.DiagnosticsManager]  [classpath + loader.0] file:/var/lib/neo4j/lib/neo4j-collections-3.5.30.jar
2022-01-13 16:42:49.326+0000 INFO [o.n.i.d.DiagnosticsManager]  [classpath + loader.0] file:/var/lib/neo4j/lib/neo4j-io-3.5.30.jar
2022-01-13 16:42:49.326+0000 INFO [o.n.i.d.DiagnosticsManager]  [classpath + loader.0] file:/var/lib/neo4j/lib/neo4j-cypher-logical-plans-3.5-3.5.30.jar
2022-01-13 16:42:49.326+0000 INFO [o.n.i.d.DiagnosticsManager]  [classpath + loader.0] file:/var/lib/neo4j/lib/neo4j-annotation-processors-3.5.30.jar
2022-01-13 16:42:49.326+0000 INFO [o.n.i.d.DiagnosticsManager]  [classpath + loader.0] file:/var/lib/neo4j/lib/commons-io-2.6.jar
2022-01-13 16:42:49.326+0000 INFO [o.n.i.d.DiagnosticsManager]  [loader.1] file:/usr/local/openjdk-8/lib/ext/dnsns.jar
2022-01-13 16:42:49.326+0000 INFO [o.n.i.d.DiagnosticsManager]  [classpath + loader.0] file:/var/lib/neo4j/lib/neo4j-lucene-upgrade-3.5.30.jar
2022-01-13 16:42:49.326+0000 INFO [o.n.i.d.DiagnosticsManager]  [classpath + loader.0] file:/var/lib/neo4j/lib/neo4j-configuration-3.5.30.jar
2022-01-13 16:42:49.326+0000 INFO [o.n.i.d.DiagnosticsManager]  [classpath + loader.0] file:/var/lib/neo4j/lib/neo4j-procedure-api-3.5.30.jar
2022-01-13 16:42:49.326+0000 INFO [o.n.i.d.DiagnosticsManager]  [classpath + loader.0] file:/var/lib/neo4j/lib/jersey-core-1.19.3.jar
2022-01-13 16:42:49.326+0000 INFO [o.n.i.d.DiagnosticsManager]  [classpath + loader.0] file:/var/lib/neo4j/lib/neo4j-csv-3.5.30.jar
2022-01-13 16:42:49.326+0000 INFO [o.n.i.d.DiagnosticsManager]  [classpath + loader.0] file:/var/lib/neo4j/lib/neo4j-server-3.5.30.jar
2022-01-13 16:42:49.326+0000 INFO [o.n.i.d.DiagnosticsManager]  [classpath + loader.0] file:/var/lib/neo4j/lib/commons-configuration-1.10.jar
2022-01-13 16:42:49.326+0000 INFO [o.n.i.d.DiagnosticsManager]  [loader.1] file:/usr/local/openjdk-8/lib/ext/cldrdata.jar
2022-01-13 16:42:49.326+0000 INFO [o.n.i.d.DiagnosticsManager]  [bootstrap] /usr/local/openjdk-8/lib/charsets.jar
2022-01-13 16:42:49.326+0000 INFO [o.n.i.d.DiagnosticsManager]  [classpath + loader.0] file:/var/lib/neo4j/lib/neo4j-3.5.30.jar
2022-01-13 16:42:49.326+0000 INFO [o.n.i.d.DiagnosticsManager]  [classpath + loader.0] file:/var/lib/neo4j/lib/jersey-servlet-1.19.3.jar
2022-01-13 16:42:49.326+0000 INFO [o.n.i.d.DiagnosticsManager]  [classpath + loader.0] file:/var/lib/neo4j/lib/neo4j-common-3.5.30.jar
2022-01-13 16:42:49.326+0000 INFO [o.n.i.d.DiagnosticsManager]  [classpath + loader.0] file:/var/lib/neo4j/lib/neo4j-expressions-3.5-3.5.30.jar
2022-01-13 16:42:49.326+0000 INFO [o.n.i.d.DiagnosticsManager]  [classpath + loader.0] file:/var/lib/neo4j/lib/bcprov-jdk15on-1.68.jar
2022-01-13 16:42:49.326+0000 INFO [o.n.i.d.DiagnosticsManager]  [classpath + loader.0] file:/var/lib/neo4j/lib/txw2-2.3.2.jar
2022-01-13 16:42:49.326+0000 INFO [o.n.i.d.DiagnosticsManager]  [bootstrap] /usr/local/openjdk-8/lib/resources.jar
2022-01-13 16:42:49.326+0000 INFO [o.n.i.d.DiagnosticsManager]  [classpath + loader.0] file:/var/lib/neo4j/lib/scala-library-2.11.12.jar
2022-01-13 16:42:49.326+0000 INFO [o.n.i.d.DiagnosticsManager]  [classpath + loader.0] file:/var/lib/neo4j/lib/jackson-module-jaxb-annotations-2.10.5.jar
2022-01-13 16:42:49.326+0000 INFO [o.n.i.d.DiagnosticsManager]  [classpath + loader.0] file:/var/lib/neo4j/lib/neo4j-kernel-api-3.5.30.jar
2022-01-13 16:42:49.326+0000 INFO [o.n.i.d.DiagnosticsManager]  [classpath + loader.0] file:/var/lib/neo4j/lib/neo4j-bolt-3.5.30.jar
2022-01-13 16:42:49.326+0000 INFO [o.n.i.d.DiagnosticsManager]  [bootstrap] /usr/local/openjdk-8/lib/jsse.jar
2022-01-13 16:42:49.327+0000 INFO [o.n.i.d.DiagnosticsManager]  [classpath + loader.0] file:/var/lib/neo4j/lib/neo4j-util-3.5-3.5.30.jar
2022-01-13 16:42:49.327+0000 INFO [o.n.i.d.DiagnosticsManager]  [classpath + loader.0] file:/var/lib/neo4j/lib/neo4j-consistency-check-3.5.30.jar
2022-01-13 16:42:49.327+0000 INFO [o.n.i.d.DiagnosticsManager]  [classpath + loader.0] file:/var/lib/neo4j/lib/neo4j-import-tool-3.5.30.jar
2022-01-13 16:42:49.327+0000 INFO [o.n.i.d.DiagnosticsManager]  [loader.1] file:/usr/local/openjdk-8/lib/ext/localedata.jar
2022-01-13 16:42:49.327+0000 INFO [o.n.i.d.DiagnosticsManager]  [classpath + loader.0] file:/var/lib/neo4j/lib/neo4j-cypher-runtime-util-3.5.30.jar
2022-01-13 16:42:49.327+0000 INFO [o.n.i.d.DiagnosticsManager]  [classpath + loader.0] file:/var/lib/neo4j/lib/neo4j-rewriting-3.5-3.5.30.jar
2022-01-13 16:42:49.327+0000 INFO [o.n.i.d.DiagnosticsManager]  [classpath + loader.0] file:/var/lib/neo4j/lib/jetty-servlet-9.4.43.v20210629.jar
2022-01-13 16:42:49.327+0000 INFO [o.n.i.d.DiagnosticsManager]  [classpath + loader.0] file:/var/lib/neo4j/lib/neo4j-front-end-3.5-3.5.30.jar
2022-01-13 16:42:49.327+0000 INFO [o.n.i.d.DiagnosticsManager]  [classpath + loader.0] file:/var/lib/neo4j/lib/neo4j-browser-4.3.4.jar
2022-01-13 16:42:49.327+0000 INFO [o.n.i.d.DiagnosticsManager]  [classpath + loader.0] file:/var/lib/neo4j/lib/neo4j-cypher-expression-evaluator-3.5.30.jar
2022-01-13 16:42:49.327+0000 INFO [o.n.i.d.DiagnosticsManager]  [classpath + loader.0] file:/var/lib/neo4j/lib/javax.servlet-api-3.1.0.jar
2022-01-13 16:42:49.327+0000 INFO [o.n.i.d.DiagnosticsManager]  [bootstrap] /usr/local/openjdk-8/lib/sunrsasign.jar
2022-01-13 16:42:49.327+0000 INFO [o.n.i.d.DiagnosticsManager]  [classpath + loader.0] file:/var/lib/neo4j/lib/jProcesses-1.6.4.jar
2022-01-13 16:42:49.327+0000 INFO [o.n.i.d.DiagnosticsManager]  [classpath + loader.0] file:/var/lib/neo4j/lib/neo4j-cypher-compiler-2.3-2.3.12.jar
2022-01-13 16:42:49.327+0000 INFO [o.n.i.d.DiagnosticsManager]  [classpath + loader.0] file:/var/lib/neo4j/lib/istack-commons-runtime-3.0.8.jar
2022-01-13 16:42:49.328+0000 INFO [o.n.i.d.DiagnosticsManager]  [classpath + loader.0] file:/var/lib/neo4j/lib/bcpkix-jdk15on-1.68.jar
2022-01-13 16:42:49.328+0000 INFO [o.n.i.d.DiagnosticsManager]  [loader.1] file:/usr/local/openjdk-8/lib/ext/sunpkcs11.jar
2022-01-13 16:42:49.328+0000 INFO [o.n.i.d.DiagnosticsManager]  [classpath + loader.0] file:/var/lib/neo4j/lib/scala-reflect-2.11.12.jar
2022-01-13 16:42:49.328+0000 INFO [o.n.i.d.DiagnosticsManager]  [classpath + loader.0] file:/var/lib/neo4j/lib/neo4j-resource-3.5.30.jar
2022-01-13 16:42:49.328+0000 INFO [o.n.i.d.DiagnosticsManager]  [classpath + loader.0] file:/var/lib/neo4j/lib/commons-lang-2.6.jar
2022-01-13 16:42:49.328+0000 INFO [o.n.i.d.DiagnosticsManager]  [classpath + loader.0] file:/var/lib/neo4j/lib/lucene-core-5.5.5.jar
2022-01-13 16:42:49.328+0000 INFO [o.n.i.d.DiagnosticsManager]  [classpath + loader.0] file:/var/lib/neo4j/lib/lucene-codecs-5.5.5.jar
2022-01-13 16:42:49.328+0000 INFO [o.n.i.d.DiagnosticsManager]  [bootstrap] /usr/local/openjdk-8/lib/rt.jar
2022-01-13 16:42:49.328+0000 INFO [o.n.i.d.DiagnosticsManager]  [classpath + loader.0] file:/var/lib/neo4j/lib/activation-1.1.1.jar
2022-01-13 16:42:49.328+0000 INFO [o.n.i.d.DiagnosticsManager]  [classpath + loader.0] file:/var/lib/neo4j/lib/stax-ex-1.8.1.jar
2022-01-13 16:42:49.328+0000 INFO [o.n.i.d.DiagnosticsManager]  [classpath + loader.0] file:/var/lib/neo4j/lib/neo4j-cypher-compiler-3.1-3.1.9.jar
2022-01-13 16:42:49.328+0000 INFO [o.n.i.d.DiagnosticsManager]  [classpath + loader.0] file:/var/lib/neo4j/lib/eclipse-collections-9.2.0.jar
2022-01-13 16:42:49.328+0000 INFO [o.n.i.d.DiagnosticsManager]  [classpath + loader.0] file:/var/lib/neo4j/lib/neo4j-index-3.5.30.jar
2022-01-13 16:42:49.328+0000 INFO [o.n.i.d.DiagnosticsManager]  [classpath + loader.0] file:/var/lib/neo4j/lib/neo4j-cypher-3.5.30.jar
2022-01-13 16:42:49.328+0000 INFO [o.n.i.d.DiagnosticsManager]  [classpath + loader.0] file:/var/lib/neo4j/lib/commons-lang3-3.8.jar
2022-01-13 16:42:49.328+0000 INFO [o.n.i.d.DiagnosticsManager]  [classpath + loader.0] file:/var/lib/neo4j/lib/netty-all-4.1.68.Final.jar
2022-01-13 16:42:49.328+0000 INFO [o.n.i.d.DiagnosticsManager]  [classpath + loader.0] file:/var/lib/neo4j/lib/neo4j-security-3.5.30.jar
2022-01-13 16:42:49.328+0000 INFO [o.n.i.d.DiagnosticsManager]  [classpath + loader.0] file:/var/lib/neo4j/lib/jetty-webapp-9.4.43.v20210629.jar
2022-01-13 16:42:49.328+0000 INFO [o.n.i.d.DiagnosticsManager]  [classpath + loader.0] file:/var/lib/neo4j/lib/neo4j-cypher-planner-3.5-3.5.30.jar
2022-01-13 16:42:49.328+0000 INFO [o.n.i.d.DiagnosticsManager]  [classpath + loader.0] file:/var/lib/neo4j/conf/
2022-01-13 16:42:49.328+0000 INFO [o.n.i.d.DiagnosticsManager]  [classpath + loader.0] file:/var/lib/neo4j/lib/jetty-server-9.4.43.v20210629.jar
2022-01-13 16:42:49.328+0000 INFO [o.n.i.d.DiagnosticsManager]  [classpath + loader.0] file:/var/lib/neo4j/lib/neo4j-spatial-index-3.5.30.jar
2022-01-13 16:42:49.329+0000 INFO [o.n.i.d.DiagnosticsManager]  [classpath + loader.0] file:/var/lib/neo4j/lib/neo4j-kernel-3.5.30.jar
2022-01-13 16:42:49.329+0000 INFO [o.n.i.d.DiagnosticsManager]  [classpath + loader.0] file:/var/lib/neo4j/lib/neo4j-values-3.5.30.jar
2022-01-13 16:42:49.329+0000 INFO [o.n.i.d.DiagnosticsManager]  [classpath + loader.0] file:/var/lib/neo4j/lib/neo4j-ast-3.5-3.5.30.jar
2022-01-13 16:42:49.329+0000 INFO [o.n.i.d.DiagnosticsManager]  [classpath + loader.0] file:/var/lib/neo4j/lib/jaxb-runtime-2.3.2.jar
2022-01-13 16:42:49.329+0000 INFO [o.n.i.d.DiagnosticsManager]  [classpath + loader.0] file:/var/lib/neo4j/lib/jaxb-api-2.3.0.jar
2022-01-13 16:42:49.329+0000 INFO [o.n.i.d.DiagnosticsManager]  [classpath + loader.0] file:/var/lib/neo4j/lib/opencsv-2.3.jar
2022-01-13 16:42:49.329+0000 INFO [o.n.i.d.DiagnosticsManager]  [classpath + loader.0] file:/var/lib/neo4j/lib/neo4j-cypher-planner-3.4-3.4.18.jar
2022-01-13 16:42:49.329+0000 INFO [o.n.i.d.DiagnosticsManager]  [classpath + loader.0] file:/var/lib/neo4j/lib/jackson-jaxrs-base-2.10.5.jar
2022-01-13 16:42:49.329+0000 INFO [o.n.i.d.DiagnosticsManager]  [classpath + loader.0] file:/var/lib/neo4j/lib/parboiled-scala_2.11-1.1.7.jar
2022-01-13 16:42:49.329+0000 INFO [o.n.i.d.DiagnosticsManager]  [classpath + loader.0] file:/var/lib/neo4j/lib/neo4j-jmx-3.5.30.jar
2022-01-13 16:42:49.329+0000 INFO [o.n.i.d.DiagnosticsManager]  [classpath + loader.0] file:/var/lib/neo4j/lib/neo4j-cypher-planner-spi-3.5-3.5.30.jar
2022-01-13 16:42:49.329+0000 INFO [o.n.i.d.DiagnosticsManager]  [classpath + loader.0] file:/var/lib/neo4j/lib/neo4j-logging-3.5.30.jar
2022-01-13 16:42:49.329+0000 INFO [o.n.i.d.DiagnosticsManager]  [classpath + loader.0] file:/var/lib/neo4j/lib/jetty-security-9.4.43.v20210629.jar
2022-01-13 16:42:49.329+0000 INFO [o.n.i.d.DiagnosticsManager]  [classpath + loader.0] file:/var/lib/neo4j/lib/jackson-annotations-2.10.5.jar
2022-01-13 16:42:49.329+0000 INFO [o.n.i.d.DiagnosticsManager]  [classpath + loader.0] file:/var/lib/neo4j/lib/neo4j-cypher-planner-spi-3.4-3.4.18.jar
2022-01-13 16:42:49.329+0000 INFO [o.n.i.d.DiagnosticsManager]  [classpath + loader.0] file:/var/lib/neo4j/lib/neo4j-cypher-interpreted-runtime-3.5.30.jar
2022-01-13 16:42:49.329+0000 INFO [o.n.i.d.DiagnosticsManager]  [bootstrap] /usr/local/openjdk-8/classes
2022-01-13 16:42:49.329+0000 INFO [o.n.i.d.DiagnosticsManager]  [classpath + loader.0] file:/var/lib/neo4j/lib/neo4j-lucene-index-3.5.30.jar
2022-01-13 16:42:49.329+0000 INFO [o.n.i.d.DiagnosticsManager]  [classpath + loader.0] file:/var/lib/neo4j/lib/neo4j-command-line-3.5.30.jar
2022-01-13 16:42:49.329+0000 INFO [o.n.i.d.DiagnosticsManager]  [classpath + loader.0] file:/var/lib/neo4j/lib/jetty-http-9.4.43.v20210629.jar
2022-01-13 16:42:49.329+0000 INFO [o.n.i.d.DiagnosticsManager]  [classpath + loader.0] file:/var/lib/neo4j/lib/neo4j-udc-3.5.30.jar
2022-01-13 16:42:49.329+0000 INFO [o.n.i.d.DiagnosticsManager]  [classpath + loader.0] file:/var/lib/neo4j/lib/eclipse-collections-api-9.2.0.jar
2022-01-13 16:42:49.329+0000 INFO [o.n.i.d.DiagnosticsManager]  [classpath + loader.0] file:/var/lib/neo4j/lib/neo4j-data-collector-3.5.30.jar
2022-01-13 16:42:49.329+0000 INFO [o.n.i.d.DiagnosticsManager]  [classpath + loader.0] file:/var/lib/neo4j/lib/FastInfoset-1.2.16.jar
2022-01-13 16:42:49.329+0000 INFO [o.n.i.d.DiagnosticsManager]  [bootstrap] /usr/local/openjdk-8/lib/jfr.jar
2022-01-13 16:42:49.329+0000 INFO [o.n.i.d.DiagnosticsManager]  [classpath + loader.0] file:/var/lib/neo4j/lib/caffeine-2.6.2.jar
2022-01-13 16:42:49.329+0000 INFO [o.n.i.d.DiagnosticsManager]  [classpath + loader.0] file:/var/lib/neo4j/lib/lucene-queryparser-5.5.5.jar
2022-01-13 16:42:49.329+0000 INFO [o.n.i.d.DiagnosticsManager]  [classpath + loader.0] file:/var/lib/neo4j/lib/jetty-util-9.4.43.v20210629.jar
2022-01-13 16:42:49.329+0000 INFO [o.n.i.d.DiagnosticsManager]  [loader.1] file:/usr/local/openjdk-8/lib/ext/nashorn.jar
2022-01-13 16:42:49.329+0000 INFO [o.n.i.d.DiagnosticsManager]  [classpath + loader.0] file:/var/lib/neo4j/lib/jetty-xml-9.4.43.v20210629.jar
2022-01-13 16:42:49.329+0000 INFO [o.n.i.d.DiagnosticsManager]  [bootstrap] /usr/local/openjdk-8/lib/jce.jar
2022-01-13 16:42:49.329+0000 INFO [o.n.i.d.DiagnosticsManager]  [classpath + loader.0] file:/var/lib/neo4j/lib/neo4j-cypher-frontend-3.1-3.1.9.jar
2022-01-13 16:42:49.329+0000 INFO [o.n.i.d.DiagnosticsManager]  [classpath + loader.0] file:/var/lib/neo4j/lib/WMI4Java-1.6.1.jar
2022-01-13 16:42:49.329+0000 INFO [o.n.i.d.DiagnosticsManager]  [classpath + loader.0] file:/var/lib/neo4j/lib/neo4j-ssl-3.5.30.jar
2022-01-13 16:42:49.329+0000 INFO [o.n.i.d.DiagnosticsManager]  [classpath + loader.0] file:/var/lib/neo4j/lib/neo4j-graphdb-api-3.5.30.jar
2022-01-13 16:42:49.329+0000 INFO [o.n.i.d.DiagnosticsManager]  [classpath + loader.0] file:/var/lib/neo4j/lib/jackson-jaxrs-json-provider-2.10.5.jar
2022-01-13 16:42:49.329+0000 INFO [o.n.i.d.DiagnosticsManager]  [classpath + loader.0] file:/var/lib/neo4j/lib/neo4j-cypher-frontend-2.3-2.3.12.jar
2022-01-13 16:42:49.329+0000 INFO [o.n.i.d.DiagnosticsManager]  [classpath + loader.0] file:/var/lib/neo4j/lib/neo4j-diagnostics-3.5.30.jar
2022-01-13 16:42:49.330+0000 INFO [o.n.i.d.DiagnosticsManager]  [classpath + loader.0] file:/plugins/
2022-01-13 16:42:49.330+0000 INFO [o.n.i.d.DiagnosticsManager]  [classpath + loader.0] file:/var/lib/neo4j/lib/neo4j-legacy-3.5.30.jar
2022-01-13 16:42:49.330+0000 INFO [o.n.i.d.DiagnosticsManager]  [classpath + loader.0] file:/var/lib/neo4j/lib/lucene-analyzers-common-5.5.5.jar
2022-01-13 16:42:49.330+0000 INFO [o.n.i.d.DiagnosticsManager]  [classpath + loader.0] file:/var/lib/neo4j/lib/neo4j-unsafe-3.5.30.jar
2022-01-13 16:42:49.330+0000 INFO [o.n.i.d.DiagnosticsManager]  [classpath + loader.0] file:/var/lib/neo4j/lib/commons-compress-1.21.jar
2022-01-13 16:42:49.330+0000 INFO [o.n.i.d.DiagnosticsManager]  [classpath + loader.0] file:/var/lib/neo4j/lib/neo4j-concurrent-3.5.30.jar
2022-01-13 16:42:49.330+0000 INFO [o.n.i.d.DiagnosticsManager]  [classpath + loader.0] file:/var/lib/neo4j/lib/zstd-jni-1.3.8-6.jar
2022-01-13 16:42:49.330+0000 INFO [o.n.i.d.DiagnosticsManager]  [classpath + loader.0] file:/var/lib/neo4j/lib/neo4j-cypher-util-3.4-3.4.18.jar
2022-01-13 16:42:49.330+0000 INFO [o.n.i.d.DiagnosticsManager]  [classpath + loader.0] file:/var/lib/neo4j/lib/jakarta.xml.bind-api-2.3.2.jar
2022-01-13 16:42:49.330+0000 INFO [o.n.i.d.DiagnosticsManager]  [classpath + loader.0] file:/var/lib/neo4j/lib/commons-logging-1.1.1.jar
2022-01-13 16:42:49.330+0000 INFO [o.n.i.d.DiagnosticsManager]  [classpath + loader.0] file:/var/lib/neo4j/lib/commons-text-1.4.jar
2022-01-13 16:42:49.330+0000 INFO [o.n.i.d.DiagnosticsManager]  [classpath + loader.0] file:/var/lib/neo4j/lib/jetty-io-9.4.43.v20210629.jar
2022-01-13 16:42:49.330+0000 INFO [o.n.i.d.DiagnosticsManager]  [loader.1] file:/usr/local/openjdk-8/lib/ext/jaccess.jar
2022-01-13 16:42:49.330+0000 INFO [o.n.i.d.DiagnosticsManager]  [classpath + loader.0] file:/var/lib/neo4j/lib/neo4j-graph-matching-3.1.9.jar
2022-01-13 16:42:49.330+0000 INFO [o.n.i.d.DiagnosticsManager]  [classpath + loader.0] file:/var/lib/neo4j/lib/parboiled-core-1.1.7.jar
2022-01-13 16:42:49.330+0000 INFO [o.n.i.d.DiagnosticsManager]  [classpath + loader.0] file:/var/lib/neo4j/lib/jackson-core-2.10.5.jar
2022-01-13 16:42:49.330+0000 INFO [o.n.i.d.DiagnosticsManager] Library path:
2022-01-13 16:42:49.331+0000 INFO [o.n.i.d.DiagnosticsManager] /usr/java/packages/lib/amd64
2022-01-13 16:42:49.331+0000 INFO [o.n.i.d.DiagnosticsManager] /usr/lib64
2022-01-13 16:42:49.331+0000 INFO [o.n.i.d.DiagnosticsManager] /lib64
2022-01-13 16:42:49.331+0000 INFO [o.n.i.d.DiagnosticsManager] /lib
2022-01-13 16:42:49.331+0000 INFO [o.n.i.d.DiagnosticsManager] /usr/lib
2022-01-13 16:42:49.331+0000 INFO [o.n.i.d.DiagnosticsManager] System.properties:
2022-01-13 16:42:49.331+0000 INFO [o.n.i.d.DiagnosticsManager] sun.boot.library.path = /usr/local/openjdk-8/lib/amd64
2022-01-13 16:42:49.331+0000 INFO [o.n.i.d.DiagnosticsManager] jdk.tls.rejectClientInitiatedRenegotiation = true
2022-01-13 16:42:49.331+0000 INFO [o.n.i.d.DiagnosticsManager] path.separator = :
2022-01-13 16:42:49.331+0000 INFO [o.n.i.d.DiagnosticsManager] file.encoding.pkg = sun.io
2022-01-13 16:42:49.332+0000 INFO [o.n.i.d.DiagnosticsManager] sun.java.launcher = SUN_STANDARD
2022-01-13 16:42:49.332+0000 INFO [o.n.i.d.DiagnosticsManager] sun.os.patch.level = unknown
2022-01-13 16:42:49.332+0000 INFO [o.n.i.d.DiagnosticsManager] user.dir = /var/lib/neo4j
2022-01-13 16:42:49.332+0000 INFO [o.n.i.d.DiagnosticsManager] sun.jnu.encoding = UTF-8
2022-01-13 16:42:49.332+0000 INFO [o.n.i.d.DiagnosticsManager] unsupported.dbms.udc.source = docker
2022-01-13 16:42:49.332+0000 INFO [o.n.i.d.DiagnosticsManager] sun.management.compiler = HotSpot 64-Bit Tiered Compilers
2022-01-13 16:42:49.332+0000 INFO [o.n.i.d.DiagnosticsManager] user.home = /var/lib/neo4j
2022-01-13 16:42:49.332+0000 INFO [o.n.i.d.DiagnosticsManager] user.timezone = Etc/UTC
2022-01-13 16:42:49.332+0000 INFO [o.n.i.d.DiagnosticsManager] file.encoding = UTF-8
2022-01-13 16:42:49.332+0000 INFO [o.n.i.d.DiagnosticsManager] user.name = neo4j
2022-01-13 16:42:49.332+0000 INFO [o.n.i.d.DiagnosticsManager] sun.java.command = org.neo4j.server.CommunityEntryPoint --home-dir=/var/lib/neo4j --config-dir=/var/lib/neo4j/conf
2022-01-13 16:42:49.332+0000 INFO [o.n.i.d.DiagnosticsManager] sun.arch.data.model = 64
2022-01-13 16:42:49.332+0000 INFO [o.n.i.d.DiagnosticsManager] user.language = en
2022-01-13 16:42:49.332+0000 INFO [o.n.i.d.DiagnosticsManager] awt.toolkit = sun.awt.X11.XToolkit
2022-01-13 16:42:49.332+0000 INFO [o.n.i.d.DiagnosticsManager] jdk.tls.ephemeralDHKeySize = 2048
2022-01-13 16:42:49.332+0000 INFO [o.n.i.d.DiagnosticsManager] file.separator = /
2022-01-13 16:42:49.332+0000 INFO [o.n.i.d.DiagnosticsManager] sun.io.unicode.encoding = UnicodeLittle
2022-01-13 16:42:49.332+0000 INFO [o.n.i.d.DiagnosticsManager] sun.cpu.endian = little
2022-01-13 16:42:49.332+0000 INFO [o.n.i.d.DiagnosticsManager] sun.cpu.isalist = 
2022-01-13 16:42:49.332+0000 INFO [o.n.i.d.DiagnosticsManager] (IANA) TimeZone Database Version:
2022-01-13 16:42:49.355+0000 INFO [o.n.i.d.DiagnosticsManager]   TimeZone version: 2021a (available for 600 zone identifiers)
2022-01-13 16:42:49.355+0000 INFO [o.n.i.d.DiagnosticsManager] Linux scheduler information:
2022-01-13 16:42:49.357+0000 INFO [o.n.i.d.DiagnosticsManager] [mq-deadline] none
2022-01-13 16:42:49.358+0000 INFO [o.n.i.d.DiagnosticsManager] [mq-deadline] none
2022-01-13 16:42:49.358+0000 INFO [o.n.i.d.DiagnosticsManager] none
2022-01-13 16:42:49.358+0000 INFO [o.n.i.d.DiagnosticsManager] [mq-deadline] none
2022-01-13 16:42:49.358+0000 INFO [o.n.i.d.DiagnosticsManager] [none] mq-deadline 
2022-01-13 16:42:49.358+0000 INFO [o.n.i.d.DiagnosticsManager] [mq-deadline] none
2022-01-13 16:42:49.359+0000 INFO [o.n.i.d.DiagnosticsManager] [mq-deadline] none
2022-01-13 16:42:49.359+0000 INFO [o.n.i.d.DiagnosticsManager] [mq-deadline] none
2022-01-13 16:42:49.359+0000 INFO [o.n.i.d.DiagnosticsManager] [mq-deadline] none
2022-01-13 16:42:49.360+0000 INFO [o.n.i.d.DiagnosticsManager] [mq-deadline] none
2022-01-13 16:42:49.360+0000 INFO [o.n.i.d.DiagnosticsManager] [mq-deadline] none
2022-01-13 16:42:49.360+0000 INFO [o.n.i.d.DiagnosticsManager] [mq-deadline] none
2022-01-13 16:42:49.361+0000 INFO [o.n.i.d.DiagnosticsManager] [mq-deadline] none
2022-01-13 16:42:49.361+0000 INFO [o.n.i.d.DiagnosticsManager] [mq-deadline] none
2022-01-13 16:42:49.362+0000 INFO [o.n.i.d.DiagnosticsManager] [mq-deadline] none
2022-01-13 16:42:49.362+0000 INFO [o.n.i.d.DiagnosticsManager] [mq-deadline] none
2022-01-13 16:42:49.363+0000 INFO [o.n.i.d.DiagnosticsManager] [mq-deadline] none
2022-01-13 16:42:49.363+0000 INFO [o.n.i.d.DiagnosticsManager] [mq-deadline] none
2022-01-13 16:42:49.364+0000 INFO [o.n.i.d.DiagnosticsManager] [mq-deadline] none
2022-01-13 16:42:49.364+0000 INFO [o.n.i.d.DiagnosticsManager] [mq-deadline] none
2022-01-13 16:42:49.364+0000 INFO [o.n.i.d.DiagnosticsManager] [mq-deadline] none
2022-01-13 16:42:49.364+0000 INFO [o.n.i.d.DiagnosticsManager] [mq-deadline] none
2022-01-13 16:42:49.365+0000 INFO [o.n.i.d.DiagnosticsManager] [mq-deadline] none
2022-01-13 16:42:49.365+0000 INFO [o.n.i.d.DiagnosticsManager] [mq-deadline] none
2022-01-13 16:42:49.365+0000 INFO [o.n.i.d.DiagnosticsManager] [mq-deadline] none
2022-01-13 16:42:49.365+0000 INFO [o.n.i.d.DiagnosticsManager] none
2022-01-13 16:42:49.365+0000 INFO [o.n.i.d.DiagnosticsManager] [mq-deadline] none
2022-01-13 16:42:49.366+0000 INFO [o.n.i.d.DiagnosticsManager] [mq-deadline] none
2022-01-13 16:42:49.366+0000 INFO [o.n.i.d.DiagnosticsManager] [mq-deadline] none
2022-01-13 16:42:49.366+0000 INFO [o.n.i.d.DiagnosticsManager] none
2022-01-13 16:42:49.367+0000 INFO [o.n.i.d.DiagnosticsManager] [mq-deadline] none
2022-01-13 16:42:49.367+0000 INFO [o.n.i.d.DiagnosticsManager] [mq-deadline] none
2022-01-13 16:42:49.367+0000 INFO [o.n.i.d.DiagnosticsManager] [mq-deadline] none
2022-01-13 16:42:49.367+0000 INFO [o.n.i.d.DiagnosticsManager] [mq-deadline] none
2022-01-13 16:42:49.367+0000 INFO [o.n.i.d.DiagnosticsManager] [mq-deadline] none
2022-01-13 16:42:49.367+0000 INFO [o.n.i.d.DiagnosticsManager] [mq-deadline] none
2022-01-13 16:42:49.367+0000 INFO [o.n.i.d.DiagnosticsManager] [mq-deadline] none
2022-01-13 16:42:49.368+0000 INFO [o.n.i.d.DiagnosticsManager] [mq-deadline] none
2022-01-13 16:42:49.368+0000 INFO [o.n.i.d.DiagnosticsManager] [mq-deadline] none
2022-01-13 16:42:49.369+0000 INFO [o.n.i.d.DiagnosticsManager] [mq-deadline] none
2022-01-13 16:42:49.369+0000 INFO [o.n.i.d.DiagnosticsManager] [mq-deadline] none
2022-01-13 16:42:49.369+0000 INFO [o.n.i.d.DiagnosticsManager] [mq-deadline] none
2022-01-13 16:42:49.369+0000 INFO [o.n.i.d.DiagnosticsManager] [mq-deadline] none
2022-01-13 16:42:49.370+0000 INFO [o.n.i.d.DiagnosticsManager] [mq-deadline] none
2022-01-13 16:42:49.370+0000 INFO [o.n.i.d.DiagnosticsManager] [mq-deadline] none
2022-01-13 16:42:49.370+0000 INFO [o.n.i.d.DiagnosticsManager] [mq-deadline] none
2022-01-13 16:42:49.370+0000 INFO [o.n.i.d.DiagnosticsManager] [mq-deadline] none
2022-01-13 16:42:49.371+0000 INFO [o.n.i.d.DiagnosticsManager] [mq-deadline] none
2022-01-13 16:42:49.371+0000 INFO [o.n.i.d.DiagnosticsManager] [mq-deadline] none
2022-01-13 16:42:49.371+0000 INFO [o.n.i.d.DiagnosticsManager] [mq-deadline] none
2022-01-13 16:42:49.371+0000 INFO [o.n.i.d.DiagnosticsManager] [mq-deadline] none
2022-01-13 16:42:49.371+0000 INFO [o.n.i.d.DiagnosticsManager] [mq-deadline] none
2022-01-13 16:42:49.371+0000 INFO [o.n.i.d.DiagnosticsManager] [mq-deadline] none
2022-01-13 16:42:49.372+0000 INFO [o.n.i.d.DiagnosticsManager] [mq-deadline] none
2022-01-13 16:42:49.372+0000 INFO [o.n.i.d.DiagnosticsManager] Network information:
2022-01-13 16:42:49.372+0000 INFO [o.n.i.d.DiagnosticsManager] Interface eth0:
2022-01-13 16:42:49.373+0000 INFO [o.n.i.d.DiagnosticsManager]     address: 172.20.0.2
2022-01-13 16:42:49.373+0000 INFO [o.n.i.d.DiagnosticsManager] Interface lo:
2022-01-13 16:42:49.373+0000 INFO [o.n.i.d.DiagnosticsManager]     address: 127.0.0.1
2022-01-13 16:42:49.373+0000 INFO [o.n.i.d.DiagnosticsManager] --- INITIALIZED diagnostics END ---
2022-01-13 16:42:49.575+0000 INFO [o.n.k.i.s.f.RecordFormatSelector] Selected RecordFormat:StandardV3_4[v0.A.9] record format from store /data/databases/graph.db
2022-01-13 16:42:49.603+0000 INFO [o.n.k.i.s.f.RecordFormatSelector] Selected RecordFormat:StandardV3_4[v0.A.9] record format from store /data/databases/graph.db
2022-01-13 16:42:49.603+0000 INFO [o.n.k.i.s.f.RecordFormatSelector] Format not configured. Selected format from the store: RecordFormat:StandardV3_4[v0.A.9]
2022-01-13 16:42:50.129+0000 INFO [o.n.k.NeoStoreDataSource] No commits found after last check point (which is at LogPosition{logVersion=0, byteOffset=16})
2022-01-13 16:42:50.147+0000 INFO [o.n.i.d.DiagnosticsManager] --- STARTED diagnostics for KernelDiagnostics:Versions START ---
2022-01-13 16:42:50.147+0000 INFO [o.n.i.d.DiagnosticsManager] Graph Database: community single StoreId{creationTime=1642087690912, randomId=5120529716625765544, storeVersion=16094931155187206, upgradeTime=1642087690912, upgradeId=1}
2022-01-13 16:42:50.147+0000 INFO [o.n.i.d.DiagnosticsManager] Kernel version: 3.5.30,198d21d5ae752c3ce8517654d03025cb16ce3c61
2022-01-13 16:42:50.147+0000 INFO [o.n.i.d.DiagnosticsManager] --- STARTED diagnostics for KernelDiagnostics:Versions END ---
2022-01-13 16:42:50.149+0000 INFO [o.n.i.d.DiagnosticsManager] --- STARTED diagnostics for NEO_STORE_VERSIONS START ---
2022-01-13 16:42:50.149+0000 INFO [o.n.i.d.DiagnosticsManager] Store versions:
2022-01-13 16:42:50.150+0000 INFO [o.n.i.d.DiagnosticsManager]   ArrayPropertyStore[neostore.nodestore.db.labels] v0.A.9
2022-01-13 16:42:50.150+0000 INFO [o.n.i.d.DiagnosticsManager]   NodeStore[neostore.nodestore.db] v0.A.9
2022-01-13 16:42:50.150+0000 INFO [o.n.i.d.DiagnosticsManager]   StringPropertyStore[neostore.propertystore.db.index.keys] v0.A.9
2022-01-13 16:42:50.150+0000 INFO [o.n.i.d.DiagnosticsManager]   PropertyIndexStore[neostore.propertystore.db.index] v0.A.9
2022-01-13 16:42:50.150+0000 INFO [o.n.i.d.DiagnosticsManager]   StringPropertyStore[neostore.propertystore.db.strings] v0.A.9
2022-01-13 16:42:50.150+0000 INFO [o.n.i.d.DiagnosticsManager]   ArrayPropertyStore[neostore.propertystore.db.arrays] v0.A.9
2022-01-13 16:42:50.150+0000 INFO [o.n.i.d.DiagnosticsManager]   PropertyStore[neostore.propertystore.db] v0.A.9
2022-01-13 16:42:50.150+0000 INFO [o.n.i.d.DiagnosticsManager]   RelationshipStore[neostore.relationshipstore.db] v0.A.9
2022-01-13 16:42:50.150+0000 INFO [o.n.i.d.DiagnosticsManager]   StringPropertyStore[neostore.relationshiptypestore.db.names] v0.A.9
2022-01-13 16:42:50.151+0000 INFO [o.n.i.d.DiagnosticsManager]   RelationshipTypeStore[neostore.relationshiptypestore.db] v0.A.9
2022-01-13 16:42:50.151+0000 INFO [o.n.i.d.DiagnosticsManager]   StringPropertyStore[neostore.labeltokenstore.db.names] v0.A.9
2022-01-13 16:42:50.151+0000 INFO [o.n.i.d.DiagnosticsManager]   LabelTokenStore[neostore.labeltokenstore.db] v0.A.9
2022-01-13 16:42:50.151+0000 INFO [o.n.i.d.DiagnosticsManager]   SchemaStore[neostore.schemastore.db] v0.A.9
2022-01-13 16:42:50.151+0000 INFO [o.n.i.d.DiagnosticsManager]   RelationshipGroupStore[neostore.relationshipgroupstore.db] v0.A.9
2022-01-13 16:42:50.151+0000 INFO [o.n.i.d.DiagnosticsManager]   NeoStore[neostore] v0.A.9
2022-01-13 16:42:50.151+0000 INFO [o.n.i.d.DiagnosticsManager] --- STARTED diagnostics for NEO_STORE_VERSIONS END ---
2022-01-13 16:42:50.151+0000 INFO [o.n.i.d.DiagnosticsManager] --- STARTED diagnostics for NEO_STORE_ID_USAGE START ---
2022-01-13 16:42:50.151+0000 INFO [o.n.i.d.DiagnosticsManager] Id usage:
2022-01-13 16:42:50.152+0000 INFO [o.n.i.d.DiagnosticsManager]   ArrayPropertyStore[neostore.nodestore.db.labels]: used=1 high=0
2022-01-13 16:42:50.152+0000 INFO [o.n.i.d.DiagnosticsManager]   NodeStore[neostore.nodestore.db]: used=0 high=-1
2022-01-13 16:42:50.152+0000 INFO [o.n.i.d.DiagnosticsManager]   StringPropertyStore[neostore.propertystore.db.index.keys]: used=1 high=0
2022-01-13 16:42:50.152+0000 INFO [o.n.i.d.DiagnosticsManager]   PropertyIndexStore[neostore.propertystore.db.index]: used=0 high=-1
2022-01-13 16:42:50.152+0000 INFO [o.n.i.d.DiagnosticsManager]   StringPropertyStore[neostore.propertystore.db.strings]: used=1 high=0
2022-01-13 16:42:50.152+0000 INFO [o.n.i.d.DiagnosticsManager]   ArrayPropertyStore[neostore.propertystore.db.arrays]: used=1 high=0
2022-01-13 16:42:50.152+0000 INFO [o.n.i.d.DiagnosticsManager]   PropertyStore[neostore.propertystore.db]: used=0 high=-1
2022-01-13 16:42:50.152+0000 INFO [o.n.i.d.DiagnosticsManager]   RelationshipStore[neostore.relationshipstore.db]: used=0 high=-1
2022-01-13 16:42:50.152+0000 INFO [o.n.i.d.DiagnosticsManager]   StringPropertyStore[neostore.relationshiptypestore.db.names]: used=1 high=0
2022-01-13 16:42:50.152+0000 INFO [o.n.i.d.DiagnosticsManager]   RelationshipTypeStore[neostore.relationshiptypestore.db]: used=0 high=-1
2022-01-13 16:42:50.152+0000 INFO [o.n.i.d.DiagnosticsManager]   StringPropertyStore[neostore.labeltokenstore.db.names]: used=1 high=0
2022-01-13 16:42:50.153+0000 INFO [o.n.i.d.DiagnosticsManager]   LabelTokenStore[neostore.labeltokenstore.db]: used=0 high=-1
2022-01-13 16:42:50.153+0000 INFO [o.n.i.d.DiagnosticsManager]   SchemaStore[neostore.schemastore.db]: used=1 high=0
2022-01-13 16:42:50.153+0000 INFO [o.n.i.d.DiagnosticsManager]   RelationshipGroupStore[neostore.relationshipgroupstore.db]: used=1 high=0
2022-01-13 16:42:50.153+0000 INFO [o.n.i.d.DiagnosticsManager]   NeoStore[neostore]: used=15 high=14
2022-01-13 16:42:50.153+0000 INFO [o.n.i.d.DiagnosticsManager] --- STARTED diagnostics for NEO_STORE_ID_USAGE END ---
2022-01-13 16:42:50.153+0000 INFO [o.n.i.d.DiagnosticsManager] --- STARTED diagnostics for NEO_STORE_RECORDS START ---
2022-01-13 16:42:50.153+0000 INFO [o.n.i.d.DiagnosticsManager] Neostore records:
2022-01-13 16:42:50.154+0000 INFO [o.n.i.d.DiagnosticsManager] TIME (Creation time): 1642087690912
2022-01-13 16:42:50.154+0000 INFO [o.n.i.d.DiagnosticsManager] RANDOM_NUMBER (Random number for store id): 5120529716625765544
2022-01-13 16:42:50.154+0000 INFO [o.n.i.d.DiagnosticsManager] LOG_VERSION (Current log version): 0
2022-01-13 16:42:50.154+0000 INFO [o.n.i.d.DiagnosticsManager] LAST_TRANSACTION_ID (Last committed transaction): 1
2022-01-13 16:42:50.154+0000 INFO [o.n.i.d.DiagnosticsManager] STORE_VERSION (Store format version): 16094931155187206
2022-01-13 16:42:50.154+0000 INFO [o.n.i.d.DiagnosticsManager] FIRST_GRAPH_PROPERTY (First property record containing graph properties): -1
2022-01-13 16:42:50.154+0000 INFO [o.n.i.d.DiagnosticsManager] LAST_CONSTRAINT_TRANSACTION (Last committed transaction containing constraint changes): 0
2022-01-13 16:42:50.154+0000 INFO [o.n.i.d.DiagnosticsManager] UPGRADE_TRANSACTION_ID (Transaction id most recent upgrade was performed at): 1
2022-01-13 16:42:50.154+0000 INFO [o.n.i.d.DiagnosticsManager] UPGRADE_TIME (Time of last upgrade): 1642087690912
2022-01-13 16:42:50.154+0000 INFO [o.n.i.d.DiagnosticsManager] LAST_TRANSACTION_CHECKSUM (Checksum of last committed transaction): 0
2022-01-13 16:42:50.154+0000 INFO [o.n.i.d.DiagnosticsManager] UPGRADE_TRANSACTION_CHECKSUM (Checksum of transaction id the most recent upgrade was performed at): 0
2022-01-13 16:42:50.154+0000 INFO [o.n.i.d.DiagnosticsManager] LAST_CLOSED_TRANSACTION_LOG_VERSION (Log version where the last transaction commit entry has been written into): 0
2022-01-13 16:42:50.154+0000 INFO [o.n.i.d.DiagnosticsManager] LAST_CLOSED_TRANSACTION_LOG_BYTE_OFFSET (Byte offset in the log file where the last transaction commit entry has been written into): 16
2022-01-13 16:42:50.154+0000 INFO [o.n.i.d.DiagnosticsManager] LAST_TRANSACTION_COMMIT_TIMESTAMP (Commit time timestamp for last committed transaction): 0
2022-01-13 16:42:50.154+0000 INFO [o.n.i.d.DiagnosticsManager] UPGRADE_TRANSACTION_COMMIT_TIMESTAMP (Commit timestamp of transaction the most recent upgrade was performed at): 0
2022-01-13 16:42:50.154+0000 INFO [o.n.i.d.DiagnosticsManager] --- STARTED diagnostics for NEO_STORE_RECORDS END ---
2022-01-13 16:42:50.155+0000 INFO [o.n.i.d.DiagnosticsManager] --- STARTED diagnostics for TRANSACTION_RANGE START ---
2022-01-13 16:42:50.155+0000 INFO [o.n.i.d.DiagnosticsManager] Transaction log:
2022-01-13 16:42:50.156+0000 INFO [o.n.i.d.DiagnosticsManager] Oldest transaction 2 found in log with version 0
2022-01-13 16:42:50.156+0000 INFO [o.n.i.d.DiagnosticsManager] --- STARTED diagnostics for TRANSACTION_RANGE END ---
2022-01-13 16:42:50.160+0000 INFO [o.n.i.d.DiagnosticsManager] --- STARTED diagnostics for KernelDiagnostics:StoreFiles START ---
2022-01-13 16:42:50.161+0000 INFO [o.n.i.d.DiagnosticsManager] Disk space on partition (Total / Free / Free %): 488790433792 / 247316791296 / 50
2022-01-13 16:42:50.161+0000 INFO [o.n.i.d.DiagnosticsManager] Storage files: (filename : modification date - size)
2022-01-13 16:42:50.164+0000 INFO [o.n.i.d.DiagnosticsManager]   index:
2022-01-13 16:42:50.165+0000 INFO [o.n.i.d.DiagnosticsManager]   - Total: 2022-01-13T15:28:11+0000 - 0.00 B
2022-01-13 16:42:50.165+0000 INFO [o.n.i.d.DiagnosticsManager]   neostore: 2022-01-13T15:28:10+0000 - 8.00 kB
2022-01-13 16:42:50.166+0000 INFO [o.n.i.d.DiagnosticsManager]   neostore.counts.db.a: 2022-01-13T15:28:11+0000 - 96.00 B
2022-01-13 16:42:50.166+0000 INFO [o.n.i.d.DiagnosticsManager]   neostore.id: 2022-01-13T16:42:49+0000 - 9.00 B
2022-01-13 16:42:50.166+0000 INFO [o.n.i.d.DiagnosticsManager]   neostore.labelscanstore.db: 2022-01-13T16:42:50+0000 - 40.00 kB
2022-01-13 16:42:50.166+0000 INFO [o.n.i.d.DiagnosticsManager]   neostore.labeltokenstore.db: 2022-01-13T15:28:10+0000 - 0.00 B
2022-01-13 16:42:50.166+0000 INFO [o.n.i.d.DiagnosticsManager]   neostore.labeltokenstore.db.id: 2022-01-13T16:42:49+0000 - 9.00 B
2022-01-13 16:42:50.166+0000 INFO [o.n.i.d.DiagnosticsManager]   neostore.labeltokenstore.db.names: 2022-01-13T15:28:10+0000 - 8.00 kB
2022-01-13 16:42:50.167+0000 INFO [o.n.i.d.DiagnosticsManager]   neostore.labeltokenstore.db.names.id: 2022-01-13T16:42:49+0000 - 9.00 B
2022-01-13 16:42:50.167+0000 INFO [o.n.i.d.DiagnosticsManager]   neostore.nodestore.db: 2022-01-13T15:28:10+0000 - 0.00 B
2022-01-13 16:42:50.168+0000 INFO [o.n.i.d.DiagnosticsManager]   neostore.nodestore.db.id: 2022-01-13T16:42:49+0000 - 9.00 B
2022-01-13 16:42:50.168+0000 INFO [o.n.i.d.DiagnosticsManager]   neostore.nodestore.db.labels: 2022-01-13T15:28:10+0000 - 8.00 kB
2022-01-13 16:42:50.169+0000 INFO [o.n.i.d.DiagnosticsManager]   neostore.nodestore.db.labels.id: 2022-01-13T16:42:49+0000 - 9.00 B
2022-01-13 16:42:50.169+0000 INFO [o.n.i.d.DiagnosticsManager]   neostore.propertystore.db: 2022-01-13T15:28:10+0000 - 0.00 B
2022-01-13 16:42:50.169+0000 INFO [o.n.i.d.DiagnosticsManager]   neostore.propertystore.db.arrays: 2022-01-13T15:28:10+0000 - 8.00 kB
2022-01-13 16:42:50.169+0000 INFO [o.n.i.d.DiagnosticsManager]   neostore.propertystore.db.arrays.id: 2022-01-13T16:42:49+0000 - 9.00 B
2022-01-13 16:42:50.169+0000 INFO [o.n.i.d.DiagnosticsManager]   neostore.propertystore.db.id: 2022-01-13T16:42:49+0000 - 9.00 B
2022-01-13 16:42:50.170+0000 INFO [o.n.i.d.DiagnosticsManager]   neostore.propertystore.db.index: 2022-01-13T15:28:10+0000 - 0.00 B
2022-01-13 16:42:50.170+0000 INFO [o.n.i.d.DiagnosticsManager]   neostore.propertystore.db.index.id: 2022-01-13T16:42:49+0000 - 9.00 B
2022-01-13 16:42:50.170+0000 INFO [o.n.i.d.DiagnosticsManager]   neostore.propertystore.db.index.keys: 2022-01-13T15:28:10+0000 - 8.00 kB
2022-01-13 16:42:50.170+0000 INFO [o.n.i.d.DiagnosticsManager]   neostore.propertystore.db.index.keys.id: 2022-01-13T16:42:49+0000 - 9.00 B
2022-01-13 16:42:50.171+0000 INFO [o.n.i.d.DiagnosticsManager]   neostore.propertystore.db.strings: 2022-01-13T15:28:10+0000 - 8.00 kB
2022-01-13 16:42:50.171+0000 INFO [o.n.i.d.DiagnosticsManager]   neostore.propertystore.db.strings.id: 2022-01-13T16:42:49+0000 - 9.00 B
2022-01-13 16:42:50.171+0000 INFO [o.n.i.d.DiagnosticsManager]   neostore.relationshipgroupstore.db: 2022-01-13T15:28:10+0000 - 8.00 kB
2022-01-13 16:42:50.171+0000 INFO [o.n.i.d.DiagnosticsManager]   neostore.relationshipgroupstore.db.id: 2022-01-13T16:42:49+0000 - 9.00 B
2022-01-13 16:42:50.171+0000 INFO [o.n.i.d.DiagnosticsManager]   neostore.relationshipstore.db: 2022-01-13T15:28:10+0000 - 0.00 B
2022-01-13 16:42:50.171+0000 INFO [o.n.i.d.DiagnosticsManager]   neostore.relationshipstore.db.id: 2022-01-13T16:42:49+0000 - 9.00 B
2022-01-13 16:42:50.171+0000 INFO [o.n.i.d.DiagnosticsManager]   neostore.relationshiptypestore.db: 2022-01-13T15:28:10+0000 - 0.00 B
2022-01-13 16:42:50.171+0000 INFO [o.n.i.d.DiagnosticsManager]   neostore.relationshiptypestore.db.id: 2022-01-13T16:42:49+0000 - 9.00 B
2022-01-13 16:42:50.172+0000 INFO [o.n.i.d.DiagnosticsManager]   neostore.relationshiptypestore.db.names: 2022-01-13T15:28:10+0000 - 8.00 kB
2022-01-13 16:42:50.172+0000 INFO [o.n.i.d.DiagnosticsManager]   neostore.relationshiptypestore.db.names.id: 2022-01-13T16:42:49+0000 - 9.00 B
2022-01-13 16:42:50.172+0000 INFO [o.n.i.d.DiagnosticsManager]   neostore.schemastore.db: 2022-01-13T15:28:10+0000 - 8.00 kB
2022-01-13 16:42:50.172+0000 INFO [o.n.i.d.DiagnosticsManager]   neostore.schemastore.db.id: 2022-01-13T16:42:49+0000 - 9.00 B
2022-01-13 16:42:50.172+0000 INFO [o.n.i.d.DiagnosticsManager]   neostore.transaction.db.0: 2022-01-13T16:40:19+0000 - 34.00 B
2022-01-13 16:42:50.172+0000 INFO [o.n.i.d.DiagnosticsManager] Storage summary: 
2022-01-13 16:42:50.172+0000 INFO [o.n.i.d.DiagnosticsManager]   Total size of store: 112.26 kB
2022-01-13 16:42:50.172+0000 INFO [o.n.i.d.DiagnosticsManager]   Total size of mapped files: 112.00 kB
2022-01-13 16:42:50.172+0000 INFO [o.n.i.d.DiagnosticsManager] --- STARTED diagnostics for KernelDiagnostics:StoreFiles END ---
2022-01-13 16:42:50.173+0000 INFO [o.n.k.a.DatabaseAvailabilityGuard] Fulfilling of requirement 'Database available' makes database graph.db available.
2022-01-13 16:42:50.173+0000 INFO [o.n.k.a.DatabaseAvailabilityGuard] Database graph.db is ready.
2022-01-13 16:42:50.173+0000 INFO [o.n.k.i.DatabaseHealth] Database health set to OK
2022-01-13 16:42:50.471+0000 INFO [o.n.b.BoltServer] Bolt server loaded
2022-01-13 16:42:50.641+0000 INFO [o.n.b.BoltServer] Bolt enabled on 0.0.0.0:7687.
2022-01-13 16:42:52.117+0000 INFO [o.n.i.d.DiagnosticsManager] --- SERVER STARTED START ---
2022-01-13 16:42:53.154+0000 INFO [o.n.i.d.DiagnosticsManager] --- SERVER STARTED END ---
